CRITICAL - 2023-02-08 01:40:47 --> array_merge(): Argument #2 is not an array
#0 [internal function]: CodeIgniter\Debug\Exceptions->errorHandler(2, 'array_merge(): ...', '/var/www/html/a...', 105, Array)
#1 /var/www/html/app/Controllers/ApiFavorate.php(105): array_merge(Array, NULL)
#2 /var/www/html/system/CodeIgniter.php(918): App\Controllers\ApiFavorate->index()
#3 /var/www/html/system/CodeIgniter.php(404): CodeIgniter\CodeIgniter->runController(Object(App\Controllers\ApiFavorate))
#4 /var/www/html/system/CodeIgniter.php(312): CodeIgniter\CodeIgniter->handleRequest(NULL, Object(Config\Cache), false)
#5 /var/www/html/public/index.php(45): CodeIgniter\CodeIgniter->run()
#6 {main}
CRITICAL - 2023-02-08 10:32:46 --> Maximum execution time of 30 seconds exceeded
#0 [internal function]: CodeIgniter\Debug\Exceptions->shutdownHandler()
#1 {main}
CRITICAL - 2023-02-08 11:01:52 --> Maximum execution time of 30 seconds exceeded
#0 [internal function]: CodeIgniter\Debug\Exceptions->shutdownHandler()
#1 {main}
CRITICAL - 2023-02-08 12:01:57 --> array_merge(): Argument #2 is not an array
#0 [internal function]: CodeIgniter\Debug\Exceptions->errorHandler(2, 'array_merge(): ...', '/var/www/html/a...', 105, Array)
#1 /var/www/html/app/Controllers/ApiFavorate.php(105): array_merge(Array, NULL)
#2 /var/www/html/system/CodeIgniter.php(918): App\Controllers\ApiFavorate->index()
#3 /var/www/html/system/CodeIgniter.php(404): CodeIgniter\CodeIgniter->runController(Object(App\Controllers\ApiFavorate))
#4 /var/www/html/system/CodeIgniter.php(312): CodeIgniter\CodeIgniter->handleRequest(NULL, Object(Config\Cache), false)
#5 /var/www/html/public/index.php(45): CodeIgniter\CodeIgniter->run()
#6 {main}
CRITICAL - 2023-02-08 14:15:45 --> array_merge(): Argument #2 is not an array
#0 [internal function]: CodeIgniter\Debug\Exceptions->errorHandler(2, 'array_merge(): ...', '/var/www/html/a...', 105, Array)
#1 /var/www/html/app/Controllers/ApiFavorate.php(105): array_merge(Array, NULL)
#2 /var/www/html/system/CodeIgniter.php(918): App\Controllers\ApiFavorate->index()
#3 /var/www/html/system/CodeIgniter.php(404): CodeIgniter\CodeIgniter->runController(Object(App\Controllers\ApiFavorate))
#4 /var/www/html/system/CodeIgniter.php(312): CodeIgniter\CodeIgniter->handleRequest(NULL, Object(Config\Cache), false)
#5 /var/www/html/public/index.php(45): CodeIgniter\CodeIgniter->run()
#6 {main}
CRITICAL - 2023-02-08 14:25:24 --> array_merge(): Argument #2 is not an array
#0 [internal function]: CodeIgniter\Debug\Exceptions->errorHandler(2, 'array_merge(): ...', '/var/www/html/a...', 105, Array)
#1 /var/www/html/app/Controllers/ApiFavorate.php(105): array_merge(Array, NULL)
#2 /var/www/html/system/CodeIgniter.php(918): App\Controllers\ApiFavorate->index()
#3 /var/www/html/system/CodeIgniter.php(404): CodeIgniter\CodeIgniter->runController(Object(App\Controllers\ApiFavorate))
#4 /var/www/html/system/CodeIgniter.php(312): CodeIgniter\CodeIgniter->handleRequest(NULL, Object(Config\Cache), false)
#5 /var/www/html/public/index.php(45): CodeIgniter\CodeIgniter->run()
#6 {main}
CRITICAL - 2023-02-08 14:40:57 --> array_merge(): Argument #2 is not an array
#0 [internal function]: CodeIgniter\Debug\Exceptions->errorHandler(2, 'array_merge(): ...', '/var/www/html/a...', 105, Array)
#1 /var/www/html/app/Controllers/ApiFavorate.php(105): array_merge(Array, NULL)
#2 /var/www/html/system/CodeIgniter.php(918): App\Controllers\ApiFavorate->index()
#3 /var/www/html/system/CodeIgniter.php(404): CodeIgniter\CodeIgniter->runController(Object(App\Controllers\ApiFavorate))
#4 /var/www/html/system/CodeIgniter.php(312): CodeIgniter\CodeIgniter->handleRequest(NULL, Object(Config\Cache), false)
#5 /var/www/html/public/index.php(45): CodeIgniter\CodeIgniter->run()
#6 {main}
CRITICAL - 2023-02-08 14:41:28 --> array_merge(): Argument #2 is not an array
#0 [internal function]: CodeIgniter\Debug\Exceptions->errorHandler(2, 'array_merge(): ...', '/var/www/html/a...', 105, Array)
#1 /var/www/html/app/Controllers/ApiFavorate.php(105): array_merge(Array, NULL)
#2 /var/www/html/system/CodeIgniter.php(918): App\Controllers\ApiFavorate->index()
#3 /var/www/html/system/CodeIgniter.php(404): CodeIgniter\CodeIgniter->runController(Object(App\Controllers\ApiFavorate))
#4 /var/www/html/system/CodeIgniter.php(312): CodeIgniter\CodeIgniter->handleRequest(NULL, Object(Config\Cache), false)
#5 /var/www/html/public/index.php(45): CodeIgniter\CodeIgniter->run()
#6 {main}
CRITICAL - 2023-02-08 14:41:37 --> array_merge(): Argument #2 is not an array
#0 [internal function]: CodeIgniter\Debug\Exceptions->errorHandler(2, 'array_merge(): ...', '/var/www/html/a...', 105, Array)
#1 /var/www/html/app/Controllers/ApiFavorate.php(105): array_merge(Array, NULL)
#2 /var/www/html/system/CodeIgniter.php(918): App\Controllers\ApiFavorate->index()
#3 /var/www/html/system/CodeIgniter.php(404): CodeIgniter\CodeIgniter->runController(Object(App\Controllers\ApiFavorate))
#4 /var/www/html/system/CodeIgniter.php(312): CodeIgniter\CodeIgniter->handleRequest(NULL, Object(Config\Cache), false)
#5 /var/www/html/public/index.php(45): CodeIgniter\CodeIgniter->run()
#6 {main}
CRITICAL - 2023-02-08 15:56:13 --> array_merge(): Argument #2 is not an array
#0 [internal function]: CodeIgniter\Debug\Exceptions->errorHandler(2, 'array_merge(): ...', '/var/www/html/a...', 105, Array)
#1 /var/www/html/app/Controllers/ApiFavorate.php(105): array_merge(Array, NULL)
#2 /var/www/html/system/CodeIgniter.php(918): App\Controllers\ApiFavorate->index()
#3 /var/www/html/system/CodeIgniter.php(404): CodeIgniter\CodeIgniter->runController(Object(App\Controllers\ApiFavorate))
#4 /var/www/html/system/CodeIgniter.php(312): CodeIgniter\CodeIgniter->handleRequest(NULL, Object(Config\Cache), false)
#5 /var/www/html/public/index.php(45): CodeIgniter\CodeIgniter->run()
#6 {main}
CRITICAL - 2023-02-08 15:56:51 --> array_merge(): Argument #2 is not an array
#0 [internal function]: CodeIgniter\Debug\Exceptions->errorHandler(2, 'array_merge(): ...', '/var/www/html/a...', 105, Array)
#1 /var/www/html/app/Controllers/ApiFavorate.php(105): array_merge(Array, NULL)
#2 /var/www/html/system/CodeIgniter.php(918): App\Controllers\ApiFavorate->index()
#3 /var/www/html/system/CodeIgniter.php(404): CodeIgniter\CodeIgniter->runController(Object(App\Controllers\ApiFavorate))
#4 /var/www/html/system/CodeIgniter.php(312): CodeIgniter\CodeIgniter->handleRequest(NULL, Object(Config\Cache), false)
#5 /var/www/html/public/index.php(45): CodeIgniter\CodeIgniter->run()
#6 {main}
CRITICAL - 2023-02-08 18:15:02 --> Maximum execution time of 30 seconds exceeded
#0 [internal function]: CodeIgniter\Debug\Exceptions->shutdownHandler()
#1 {main}
CRITICAL - 2023-02-08 18:34:34 --> Maximum execution time of 30 seconds exceeded
#0 [internal function]: CodeIgniter\Debug\Exceptions->shutdownHandler()
#1 {main}
CRITICAL - 2023-02-08 20:51:09 --> array_merge(): Argument #2 is not an array
#0 [internal function]: CodeIgniter\Debug\Exceptions->errorHandler(2, 'array_merge(): ...', '/var/www/html/a...', 105, Array)
#1 /var/www/html/app/Controllers/ApiFavorate.php(105): array_merge(Array, NULL)
#2 /var/www/html/system/CodeIgniter.php(918): App\Controllers\ApiFavorate->index()
#3 /var/www/html/system/CodeIgniter.php(404): CodeIgniter\CodeIgniter->runController(Object(App\Controllers\ApiFavorate))
#4 /var/www/html/system/CodeIgniter.php(312): CodeIgniter\CodeIgniter->handleRequest(NULL, Object(Config\Cache), false)
#5 /var/www/html/public/index.php(45): CodeIgniter\CodeIgniter->run()
#6 {main}
CRITICAL - 2023-02-08 20:51:32 --> array_merge(): Argument #2 is not an array
#0 [internal function]: CodeIgniter\Debug\Exceptions->errorHandler(2, 'array_merge(): ...', '/var/www/html/a...', 105, Array)
#1 /var/www/html/app/Controllers/ApiFavorate.php(105): array_merge(Array, NULL)
#2 /var/www/html/system/CodeIgniter.php(918): App\Controllers\ApiFavorate->index()
#3 /var/www/html/system/CodeIgniter.php(404): CodeIgniter\CodeIgniter->runController(Object(App\Controllers\ApiFavorate))
#4 /var/www/html/system/CodeIgniter.php(312): CodeIgniter\CodeIgniter->handleRequest(NULL, Object(Config\Cache), false)
#5 /var/www/html/public/index.php(45): CodeIgniter\CodeIgniter->run()
#6 {main}
CRITICAL - 2023-02-08 22:47:39 --> array_merge(): Argument #2 is not an array
#0 [internal function]: CodeIgniter\Debug\Exceptions->errorHandler(2, 'array_merge(): ...', '/var/www/html/a...', 105, Array)
#1 /var/www/html/app/Controllers/ApiFavorate.php(105): array_merge(Array, NULL)
#2 /var/www/html/system/CodeIgniter.php(918): App\Controllers\ApiFavorate->index()
#3 /var/www/html/system/CodeIgniter.php(404): CodeIgniter\CodeIgniter->runController(Object(App\Controllers\ApiFavorate))
#4 /var/www/html/system/CodeIgniter.php(312): CodeIgniter\CodeIgniter->handleRequest(NULL, Object(Config\Cache), false)
#5 /var/www/html/public/index.php(45): CodeIgniter\CodeIgniter->run()
#6 {main}
CRITICAL - 2023-02-08 23:44:37 --> Maximum execution time of 30 seconds exceeded
#0 [internal function]: CodeIgniter\Debug\Exceptions->shutdownHandler()
#1 {main}
