CRITICAL - 2023-02-01 00:07:23 --> Maximum execution time of 30 seconds exceeded
#0 [internal function]: CodeIgniter\Debug\Exceptions->shutdownHandler()
#1 {main}
CRITICAL - 2023-02-01 00:08:35 --> Maximum execution time of 30 seconds exceeded
#0 [internal function]: CodeIgniter\Debug\Exceptions->shutdownHandler()
#1 {main}
CRITICAL - 2023-02-01 00:10:05 --> Maximum execution time of 30 seconds exceeded
#0 [internal function]: CodeIgniter\Debug\Exceptions->shutdownHandler()
#1 {main}
CRITICAL - 2023-02-01 00:33:37 --> Maximum execution time of 30 seconds exceeded
#0 [internal function]: CodeIgniter\Debug\Exceptions->shutdownHandler()
#1 {main}
CRITICAL - 2023-02-01 00:33:54 --> Maximum execution time of 30 seconds exceeded
#0 [internal function]: CodeIgniter\Debug\Exceptions->shutdownHandler()
#1 {main}
CRITICAL - 2023-02-01 00:36:01 --> Maximum execution time of 30 seconds exceeded
#0 [internal function]: CodeIgniter\Debug\Exceptions->shutdownHandler()
#1 {main}
CRITICAL - 2023-02-01 00:40:16 --> Maximum execution time of 30 seconds exceeded
#0 [internal function]: CodeIgniter\Debug\Exceptions->shutdownHandler()
#1 {main}
CRITICAL - 2023-02-01 00:43:14 --> Maximum execution time of 30 seconds exceeded
#0 [internal function]: CodeIgniter\Debug\Exceptions->shutdownHandler()
#1 {main}
CRITICAL - 2023-02-01 01:03:22 --> Maximum execution time of 30 seconds exceeded
#0 [internal function]: CodeIgniter\Debug\Exceptions->shutdownHandler()
#1 {main}
CRITICAL - 2023-02-01 01:04:34 --> Maximum execution time of 30 seconds exceeded
#0 [internal function]: CodeIgniter\Debug\Exceptions->shutdownHandler()
#1 {main}
CRITICAL - 2023-02-01 01:05:57 --> Maximum execution time of 30 seconds exceeded
#0 [internal function]: CodeIgniter\Debug\Exceptions->shutdownHandler()
#1 {main}
CRITICAL - 2023-02-01 01:14:40 --> Maximum execution time of 30 seconds exceeded
#0 [internal function]: CodeIgniter\Debug\Exceptions->shutdownHandler()
#1 {main}
CRITICAL - 2023-02-01 01:14:57 --> Maximum execution time of 30 seconds exceeded
#0 [internal function]: CodeIgniter\Debug\Exceptions->shutdownHandler()
#1 {main}
CRITICAL - 2023-02-01 01:16:30 --> Maximum execution time of 30 seconds exceeded
#0 [internal function]: CodeIgniter\Debug\Exceptions->shutdownHandler()
#1 {main}
CRITICAL - 2023-02-01 01:22:27 --> Maximum execution time of 30 seconds exceeded
#0 [internal function]: CodeIgniter\Debug\Exceptions->shutdownHandler()
#1 {main}
CRITICAL - 2023-02-01 02:00:34 --> Maximum execution time of 30 seconds exceeded
#0 [internal function]: CodeIgniter\Debug\Exceptions->shutdownHandler()
#1 {main}
CRITICAL - 2023-02-01 02:15:49 --> Maximum execution time of 30 seconds exceeded
#0 [internal function]: CodeIgniter\Debug\Exceptions->shutdownHandler()
#1 {main}
CRITICAL - 2023-02-01 03:06:17 --> Maximum execution time of 30 seconds exceeded
#0 [internal function]: CodeIgniter\Debug\Exceptions->shutdownHandler()
#1 {main}
CRITICAL - 2023-02-01 03:07:33 --> Maximum execution time of 30 seconds exceeded
#0 [internal function]: CodeIgniter\Debug\Exceptions->shutdownHandler()
#1 {main}
CRITICAL - 2023-02-01 03:12:03 --> Maximum execution time of 30 seconds exceeded
#0 [internal function]: CodeIgniter\Debug\Exceptions->shutdownHandler()
#1 {main}
CRITICAL - 2023-02-01 04:24:51 --> Maximum execution time of 30 seconds exceeded
#0 [internal function]: CodeIgniter\Debug\Exceptions->shutdownHandler()
#1 {main}
CRITICAL - 2023-02-01 04:25:59 --> Maximum execution time of 30 seconds exceeded
#0 [internal function]: CodeIgniter\Debug\Exceptions->shutdownHandler()
#1 {main}
CRITICAL - 2023-02-01 05:08:59 --> Maximum execution time of 30 seconds exceeded
#0 [internal function]: CodeIgniter\Debug\Exceptions->shutdownHandler()
#1 {main}
CRITICAL - 2023-02-01 05:09:33 --> Maximum execution time of 30 seconds exceeded
#0 [internal function]: CodeIgniter\Debug\Exceptions->shutdownHandler()
#1 {main}
CRITICAL - 2023-02-01 05:35:58 --> Maximum execution time of 30 seconds exceeded
#0 [internal function]: CodeIgniter\Debug\Exceptions->shutdownHandler()
#1 {main}
CRITICAL - 2023-02-01 08:30:29 --> Maximum execution time of 30 seconds exceeded
#0 [internal function]: CodeIgniter\Debug\Exceptions->shutdownHandler()
#1 {main}
CRITICAL - 2023-02-01 08:58:40 --> Maximum execution time of 30 seconds exceeded
#0 [internal function]: CodeIgniter\Debug\Exceptions->shutdownHandler()
#1 {main}
CRITICAL - 2023-02-01 09:25:52 --> Maximum execution time of 30 seconds exceeded
#0 [internal function]: CodeIgniter\Debug\Exceptions->shutdownHandler()
#1 {main}
CRITICAL - 2023-02-01 09:42:44 --> Maximum execution time of 30 seconds exceeded
#0 [internal function]: CodeIgniter\Debug\Exceptions->shutdownHandler()
#1 {main}
CRITICAL - 2023-02-01 09:44:07 --> Maximum execution time of 30 seconds exceeded
#0 [internal function]: CodeIgniter\Debug\Exceptions->shutdownHandler()
#1 {main}
CRITICAL - 2023-02-01 09:49:16 --> Maximum execution time of 30 seconds exceeded
#0 [internal function]: CodeIgniter\Debug\Exceptions->shutdownHandler()
#1 {main}
CRITICAL - 2023-02-01 10:31:07 --> Maximum execution time of 30 seconds exceeded
#0 [internal function]: CodeIgniter\Debug\Exceptions->shutdownHandler()
#1 {main}
CRITICAL - 2023-02-01 10:45:46 --> Maximum execution time of 30 seconds exceeded
#0 [internal function]: CodeIgniter\Debug\Exceptions->shutdownHandler()
#1 {main}
CRITICAL - 2023-02-01 10:50:38 --> array_merge(): Argument #2 is not an array
#0 [internal function]: CodeIgniter\Debug\Exceptions->errorHandler(2, 'array_merge(): ...', '/var/www/html/a...', 104, Array)
#1 /var/www/html/app/Controllers/ApiFavorate.php(104): array_merge(Array, NULL)
#2 /var/www/html/system/CodeIgniter.php(918): App\Controllers\ApiFavorate->index()
#3 /var/www/html/system/CodeIgniter.php(404): CodeIgniter\CodeIgniter->runController(Object(App\Controllers\ApiFavorate))
#4 /var/www/html/system/CodeIgniter.php(312): CodeIgniter\CodeIgniter->handleRequest(NULL, Object(Config\Cache), false)
#5 /var/www/html/public/index.php(45): CodeIgniter\CodeIgniter->run()
#6 {main}
CRITICAL - 2023-02-01 10:50:45 --> array_merge(): Argument #2 is not an array
#0 [internal function]: CodeIgniter\Debug\Exceptions->errorHandler(2, 'array_merge(): ...', '/var/www/html/a...', 104, Array)
#1 /var/www/html/app/Controllers/ApiFavorate.php(104): array_merge(Array, NULL)
#2 /var/www/html/system/CodeIgniter.php(918): App\Controllers\ApiFavorate->index()
#3 /var/www/html/system/CodeIgniter.php(404): CodeIgniter\CodeIgniter->runController(Object(App\Controllers\ApiFavorate))
#4 /var/www/html/system/CodeIgniter.php(312): CodeIgniter\CodeIgniter->handleRequest(NULL, Object(Config\Cache), false)
#5 /var/www/html/public/index.php(45): CodeIgniter\CodeIgniter->run()
#6 {main}
CRITICAL - 2023-02-01 10:50:46 --> array_merge(): Argument #2 is not an array
#0 [internal function]: CodeIgniter\Debug\Exceptions->errorHandler(2, 'array_merge(): ...', '/var/www/html/a...', 104, Array)
#1 /var/www/html/app/Controllers/ApiFavorate.php(104): array_merge(Array, NULL)
#2 /var/www/html/system/CodeIgniter.php(918): App\Controllers\ApiFavorate->index()
#3 /var/www/html/system/CodeIgniter.php(404): CodeIgniter\CodeIgniter->runController(Object(App\Controllers\ApiFavorate))
#4 /var/www/html/system/CodeIgniter.php(312): CodeIgniter\CodeIgniter->handleRequest(NULL, Object(Config\Cache), false)
#5 /var/www/html/public/index.php(45): CodeIgniter\CodeIgniter->run()
#6 {main}
CRITICAL - 2023-02-01 10:51:01 --> array_merge(): Argument #2 is not an array
#0 [internal function]: CodeIgniter\Debug\Exceptions->errorHandler(2, 'array_merge(): ...', '/var/www/html/a...', 104, Array)
#1 /var/www/html/app/Controllers/ApiFavorate.php(104): array_merge(Array, NULL)
#2 /var/www/html/system/CodeIgniter.php(918): App\Controllers\ApiFavorate->index()
#3 /var/www/html/system/CodeIgniter.php(404): CodeIgniter\CodeIgniter->runController(Object(App\Controllers\ApiFavorate))
#4 /var/www/html/system/CodeIgniter.php(312): CodeIgniter\CodeIgniter->handleRequest(NULL, Object(Config\Cache), false)
#5 /var/www/html/public/index.php(45): CodeIgniter\CodeIgniter->run()
#6 {main}
CRITICAL - 2023-02-01 10:51:03 --> array_merge(): Argument #2 is not an array
#0 [internal function]: CodeIgniter\Debug\Exceptions->errorHandler(2, 'array_merge(): ...', '/var/www/html/a...', 104, Array)
#1 /var/www/html/app/Controllers/ApiFavorate.php(104): array_merge(Array, NULL)
#2 /var/www/html/system/CodeIgniter.php(918): App\Controllers\ApiFavorate->index()
#3 /var/www/html/system/CodeIgniter.php(404): CodeIgniter\CodeIgniter->runController(Object(App\Controllers\ApiFavorate))
#4 /var/www/html/system/CodeIgniter.php(312): CodeIgniter\CodeIgniter->handleRequest(NULL, Object(Config\Cache), false)
#5 /var/www/html/public/index.php(45): CodeIgniter\CodeIgniter->run()
#6 {main}
CRITICAL - 2023-02-01 10:51:04 --> array_merge(): Argument #2 is not an array
#0 [internal function]: CodeIgniter\Debug\Exceptions->errorHandler(2, 'array_merge(): ...', '/var/www/html/a...', 104, Array)
#1 /var/www/html/app/Controllers/ApiFavorate.php(104): array_merge(Array, NULL)
#2 /var/www/html/system/CodeIgniter.php(918): App\Controllers\ApiFavorate->index()
#3 /var/www/html/system/CodeIgniter.php(404): CodeIgniter\CodeIgniter->runController(Object(App\Controllers\ApiFavorate))
#4 /var/www/html/system/CodeIgniter.php(312): CodeIgniter\CodeIgniter->handleRequest(NULL, Object(Config\Cache), false)
#5 /var/www/html/public/index.php(45): CodeIgniter\CodeIgniter->run()
#6 {main}
CRITICAL - 2023-02-01 10:51:06 --> array_merge(): Argument #2 is not an array
#0 [internal function]: CodeIgniter\Debug\Exceptions->errorHandler(2, 'array_merge(): ...', '/var/www/html/a...', 104, Array)
#1 /var/www/html/app/Controllers/ApiFavorate.php(104): array_merge(Array, NULL)
#2 /var/www/html/system/CodeIgniter.php(918): App\Controllers\ApiFavorate->index()
#3 /var/www/html/system/CodeIgniter.php(404): CodeIgniter\CodeIgniter->runController(Object(App\Controllers\ApiFavorate))
#4 /var/www/html/system/CodeIgniter.php(312): CodeIgniter\CodeIgniter->handleRequest(NULL, Object(Config\Cache), false)
#5 /var/www/html/public/index.php(45): CodeIgniter\CodeIgniter->run()
#6 {main}
CRITICAL - 2023-02-01 10:51:32 --> array_merge(): Argument #2 is not an array
#0 [internal function]: CodeIgniter\Debug\Exceptions->errorHandler(2, 'array_merge(): ...', '/var/www/html/a...', 104, Array)
#1 /var/www/html/app/Controllers/ApiFavorate.php(104): array_merge(Array, NULL)
#2 /var/www/html/system/CodeIgniter.php(918): App\Controllers\ApiFavorate->index()
#3 /var/www/html/system/CodeIgniter.php(404): CodeIgniter\CodeIgniter->runController(Object(App\Controllers\ApiFavorate))
#4 /var/www/html/system/CodeIgniter.php(312): CodeIgniter\CodeIgniter->handleRequest(NULL, Object(Config\Cache), false)
#5 /var/www/html/public/index.php(45): CodeIgniter\CodeIgniter->run()
#6 {main}
CRITICAL - 2023-02-01 10:51:38 --> array_merge(): Argument #2 is not an array
#0 [internal function]: CodeIgniter\Debug\Exceptions->errorHandler(2, 'array_merge(): ...', '/var/www/html/a...', 104, Array)
#1 /var/www/html/app/Controllers/ApiFavorate.php(104): array_merge(Array, NULL)
#2 /var/www/html/system/CodeIgniter.php(918): App\Controllers\ApiFavorate->index()
#3 /var/www/html/system/CodeIgniter.php(404): CodeIgniter\CodeIgniter->runController(Object(App\Controllers\ApiFavorate))
#4 /var/www/html/system/CodeIgniter.php(312): CodeIgniter\CodeIgniter->handleRequest(NULL, Object(Config\Cache), false)
#5 /var/www/html/public/index.php(45): CodeIgniter\CodeIgniter->run()
#6 {main}
CRITICAL - 2023-02-01 10:51:42 --> array_merge(): Argument #2 is not an array
#0 [internal function]: CodeIgniter\Debug\Exceptions->errorHandler(2, 'array_merge(): ...', '/var/www/html/a...', 104, Array)
#1 /var/www/html/app/Controllers/ApiFavorate.php(104): array_merge(Array, NULL)
#2 /var/www/html/system/CodeIgniter.php(918): App\Controllers\ApiFavorate->index()
#3 /var/www/html/system/CodeIgniter.php(404): CodeIgniter\CodeIgniter->runController(Object(App\Controllers\ApiFavorate))
#4 /var/www/html/system/CodeIgniter.php(312): CodeIgniter\CodeIgniter->handleRequest(NULL, Object(Config\Cache), false)
#5 /var/www/html/public/index.php(45): CodeIgniter\CodeIgniter->run()
#6 {main}
CRITICAL - 2023-02-01 10:51:51 --> array_merge(): Argument #2 is not an array
#0 [internal function]: CodeIgniter\Debug\Exceptions->errorHandler(2, 'array_merge(): ...', '/var/www/html/a...', 104, Array)
#1 /var/www/html/app/Controllers/ApiFavorate.php(104): array_merge(Array, NULL)
#2 /var/www/html/system/CodeIgniter.php(918): App\Controllers\ApiFavorate->index()
#3 /var/www/html/system/CodeIgniter.php(404): CodeIgniter\CodeIgniter->runController(Object(App\Controllers\ApiFavorate))
#4 /var/www/html/system/CodeIgniter.php(312): CodeIgniter\CodeIgniter->handleRequest(NULL, Object(Config\Cache), false)
#5 /var/www/html/public/index.php(45): CodeIgniter\CodeIgniter->run()
#6 {main}
CRITICAL - 2023-02-01 10:52:40 --> array_merge(): Argument #2 is not an array
#0 [internal function]: CodeIgniter\Debug\Exceptions->errorHandler(2, 'array_merge(): ...', '/var/www/html/a...', 104, Array)
#1 /var/www/html/app/Controllers/ApiFavorate.php(104): array_merge(Array, NULL)
#2 /var/www/html/system/CodeIgniter.php(918): App\Controllers\ApiFavorate->index()
#3 /var/www/html/system/CodeIgniter.php(404): CodeIgniter\CodeIgniter->runController(Object(App\Controllers\ApiFavorate))
#4 /var/www/html/system/CodeIgniter.php(312): CodeIgniter\CodeIgniter->handleRequest(NULL, Object(Config\Cache), false)
#5 /var/www/html/public/index.php(45): CodeIgniter\CodeIgniter->run()
#6 {main}
CRITICAL - 2023-02-01 10:52:53 --> array_merge(): Argument #2 is not an array
#0 [internal function]: CodeIgniter\Debug\Exceptions->errorHandler(2, 'array_merge(): ...', '/var/www/html/a...', 104, Array)
#1 /var/www/html/app/Controllers/ApiFavorate.php(104): array_merge(Array, NULL)
#2 /var/www/html/system/CodeIgniter.php(918): App\Controllers\ApiFavorate->index()
#3 /var/www/html/system/CodeIgniter.php(404): CodeIgniter\CodeIgniter->runController(Object(App\Controllers\ApiFavorate))
#4 /var/www/html/system/CodeIgniter.php(312): CodeIgniter\CodeIgniter->handleRequest(NULL, Object(Config\Cache), false)
#5 /var/www/html/public/index.php(45): CodeIgniter\CodeIgniter->run()
#6 {main}
CRITICAL - 2023-02-01 10:53:35 --> array_merge(): Argument #2 is not an array
#0 [internal function]: CodeIgniter\Debug\Exceptions->errorHandler(2, 'array_merge(): ...', '/var/www/html/a...', 104, Array)
#1 /var/www/html/app/Controllers/ApiFavorate.php(104): array_merge(Array, NULL)
#2 /var/www/html/system/CodeIgniter.php(918): App\Controllers\ApiFavorate->index()
#3 /var/www/html/system/CodeIgniter.php(404): CodeIgniter\CodeIgniter->runController(Object(App\Controllers\ApiFavorate))
#4 /var/www/html/system/CodeIgniter.php(312): CodeIgniter\CodeIgniter->handleRequest(NULL, Object(Config\Cache), false)
#5 /var/www/html/public/index.php(45): CodeIgniter\CodeIgniter->run()
#6 {main}
CRITICAL - 2023-02-01 10:53:40 --> array_merge(): Argument #2 is not an array
#0 [internal function]: CodeIgniter\Debug\Exceptions->errorHandler(2, 'array_merge(): ...', '/var/www/html/a...', 104, Array)
#1 /var/www/html/app/Controllers/ApiFavorate.php(104): array_merge(Array, NULL)
#2 /var/www/html/system/CodeIgniter.php(918): App\Controllers\ApiFavorate->index()
#3 /var/www/html/system/CodeIgniter.php(404): CodeIgniter\CodeIgniter->runController(Object(App\Controllers\ApiFavorate))
#4 /var/www/html/system/CodeIgniter.php(312): CodeIgniter\CodeIgniter->handleRequest(NULL, Object(Config\Cache), false)
#5 /var/www/html/public/index.php(45): CodeIgniter\CodeIgniter->run()
#6 {main}
CRITICAL - 2023-02-01 11:17:07 --> Maximum execution time of 30 seconds exceeded
#0 [internal function]: CodeIgniter\Debug\Exceptions->shutdownHandler()
#1 {main}
CRITICAL - 2023-02-01 11:20:05 --> Maximum execution time of 30 seconds exceeded
#0 [internal function]: CodeIgniter\Debug\Exceptions->shutdownHandler()
#1 {main}
CRITICAL - 2023-02-01 11:22:11 --> Maximum execution time of 30 seconds exceeded
#0 [internal function]: CodeIgniter\Debug\Exceptions->shutdownHandler()
#1 {main}
CRITICAL - 2023-02-01 11:46:30 --> Maximum execution time of 30 seconds exceeded
#0 [internal function]: CodeIgniter\Debug\Exceptions->shutdownHandler()
#1 {main}
CRITICAL - 2023-02-01 12:05:40 --> Maximum execution time of 30 seconds exceeded
#0 [internal function]: CodeIgniter\Debug\Exceptions->shutdownHandler()
#1 {main}
CRITICAL - 2023-02-01 12:05:58 --> Maximum execution time of 30 seconds exceeded
#0 [internal function]: CodeIgniter\Debug\Exceptions->shutdownHandler()
#1 {main}
CRITICAL - 2023-02-01 12:06:16 --> Maximum execution time of 30 seconds exceeded
#0 [internal function]: CodeIgniter\Debug\Exceptions->shutdownHandler()
#1 {main}
CRITICAL - 2023-02-01 12:45:52 --> syntax error, unexpected 'LIMIT' (T_STRING)
#0 /var/www/html/system/Autoloader/Autoloader.php(296): CodeIgniter\Autoloader\Autoloader->requireFile('/var/www/html/a...')
#1 /var/www/html/system/Autoloader/Autoloader.php(258): CodeIgniter\Autoloader\Autoloader->loadInNamespace('App\\Models\\Coup...')
#2 [internal function]: CodeIgniter\Autoloader\Autoloader->loadClass('App\\Models\\Coup...')
#3 /var/www/html/app/Controllers/ApiUsers.php(2865): spl_autoload_call('App\\Models\\Coup...')
#4 /var/www/html/system/CodeIgniter.php(918): App\Controllers\ApiUsers->couponList()
#5 /var/www/html/system/CodeIgniter.php(404): CodeIgniter\CodeIgniter->runController(Object(App\Controllers\ApiUsers))
#6 /var/www/html/system/CodeIgniter.php(312): CodeIgniter\CodeIgniter->handleRequest(NULL, Object(Config\Cache), false)
#7 /var/www/html/public/index.php(45): CodeIgniter\CodeIgniter->run()
#8 {main}
CRITICAL - 2023-02-01 12:45:53 --> syntax error, unexpected 'LIMIT' (T_STRING)
#0 /var/www/html/system/Autoloader/Autoloader.php(296): CodeIgniter\Autoloader\Autoloader->requireFile('/var/www/html/a...')
#1 /var/www/html/system/Autoloader/Autoloader.php(258): CodeIgniter\Autoloader\Autoloader->loadInNamespace('App\\Models\\Coup...')
#2 [internal function]: CodeIgniter\Autoloader\Autoloader->loadClass('App\\Models\\Coup...')
#3 /var/www/html/app/Controllers/ApiUsers.php(2865): spl_autoload_call('App\\Models\\Coup...')
#4 /var/www/html/system/CodeIgniter.php(918): App\Controllers\ApiUsers->couponList()
#5 /var/www/html/system/CodeIgniter.php(404): CodeIgniter\CodeIgniter->runController(Object(App\Controllers\ApiUsers))
#6 /var/www/html/system/CodeIgniter.php(312): CodeIgniter\CodeIgniter->handleRequest(NULL, Object(Config\Cache), false)
#7 /var/www/html/public/index.php(45): CodeIgniter\CodeIgniter->run()
#8 {main}
CRITICAL - 2023-02-01 13:28:22 --> syntax error, unexpected end of file
#0 /var/www/html/system/Autoloader/Autoloader.php(296): CodeIgniter\Autoloader\Autoloader->requireFile('/var/www/html/a...')
#1 /var/www/html/system/Autoloader/Autoloader.php(258): CodeIgniter\Autoloader\Autoloader->loadInNamespace('App\\Controllers...')
#2 [internal function]: CodeIgniter\Autoloader\Autoloader->loadClass('App\\Controllers...')
#3 [internal function]: spl_autoload_call('App\\Controllers...')
#4 /var/www/html/system/CodeIgniter.php(869): class_exists('\\App\\Controller...', true)
#5 /var/www/html/system/CodeIgniter.php(394): CodeIgniter\CodeIgniter->startController()
#6 /var/www/html/system/CodeIgniter.php(312): CodeIgniter\CodeIgniter->handleRequest(NULL, Object(Config\Cache), false)
#7 /var/www/html/public/index.php(45): CodeIgniter\CodeIgniter->run()
#8 {main}
CRITICAL - 2023-02-01 13:28:27 --> syntax error, unexpected end of file
#0 /var/www/html/system/Autoloader/Autoloader.php(296): CodeIgniter\Autoloader\Autoloader->requireFile('/var/www/html/a...')
#1 /var/www/html/system/Autoloader/Autoloader.php(258): CodeIgniter\Autoloader\Autoloader->loadInNamespace('App\\Controllers...')
#2 [internal function]: CodeIgniter\Autoloader\Autoloader->loadClass('App\\Controllers...')
#3 [internal function]: spl_autoload_call('App\\Controllers...')
#4 /var/www/html/system/CodeIgniter.php(869): class_exists('\\App\\Controller...', true)
#5 /var/www/html/system/CodeIgniter.php(394): CodeIgniter\CodeIgniter->startController()
#6 /var/www/html/system/CodeIgniter.php(312): CodeIgniter\CodeIgniter->handleRequest(NULL, Object(Config\Cache), false)
#7 /var/www/html/public/index.php(45): CodeIgniter\CodeIgniter->run()
#8 {main}
CRITICAL - 2023-02-01 13:29:06 --> syntax error, unexpected ''ms' (T_ENCAPSED_AND_WHITESPACE), expecting ']'
#0 /var/www/html/system/Autoloader/Autoloader.php(296): CodeIgniter\Autoloader\Autoloader->requireFile('/var/www/html/a...')
#1 /var/www/html/system/Autoloader/Autoloader.php(258): CodeIgniter\Autoloader\Autoloader->loadInNamespace('App\\Controllers...')
#2 [internal function]: CodeIgniter\Autoloader\Autoloader->loadClass('App\\Controllers...')
#3 [internal function]: spl_autoload_call('App\\Controllers...')
#4 /var/www/html/system/CodeIgniter.php(869): class_exists('\\App\\Controller...', true)
#5 /var/www/html/system/CodeIgniter.php(394): CodeIgniter\CodeIgniter->startController()
#6 /var/www/html/system/CodeIgniter.php(312): CodeIgniter\CodeIgniter->handleRequest(NULL, Object(Config\Cache), false)
#7 /var/www/html/public/index.php(45): CodeIgniter\CodeIgniter->run()
#8 {main}
CRITICAL - 2023-02-01 13:29:06 --> syntax error, unexpected ''ms' (T_ENCAPSED_AND_WHITESPACE), expecting ']'
#0 /var/www/html/system/Autoloader/Autoloader.php(296): CodeIgniter\Autoloader\Autoloader->requireFile('/var/www/html/a...')
#1 /var/www/html/system/Autoloader/Autoloader.php(258): CodeIgniter\Autoloader\Autoloader->loadInNamespace('App\\Controllers...')
#2 [internal function]: CodeIgniter\Autoloader\Autoloader->loadClass('App\\Controllers...')
#3 [internal function]: spl_autoload_call('App\\Controllers...')
#4 /var/www/html/system/CodeIgniter.php(869): class_exists('\\App\\Controller...', true)
#5 /var/www/html/system/CodeIgniter.php(394): CodeIgniter\CodeIgniter->startController()
#6 /var/www/html/system/CodeIgniter.php(312): CodeIgniter\CodeIgniter->handleRequest(NULL, Object(Config\Cache), false)
#7 /var/www/html/public/index.php(45): CodeIgniter\CodeIgniter->run()
#8 {main}
CRITICAL - 2023-02-01 13:29:06 --> syntax error, unexpected ''ms' (T_ENCAPSED_AND_WHITESPACE), expecting ']'
#0 /var/www/html/system/Autoloader/Autoloader.php(296): CodeIgniter\Autoloader\Autoloader->requireFile('/var/www/html/a...')
#1 /var/www/html/system/Autoloader/Autoloader.php(258): CodeIgniter\Autoloader\Autoloader->loadInNamespace('App\\Controllers...')
#2 [internal function]: CodeIgniter\Autoloader\Autoloader->loadClass('App\\Controllers...')
#3 [internal function]: spl_autoload_call('App\\Controllers...')
#4 /var/www/html/system/CodeIgniter.php(869): class_exists('\\App\\Controller...', true)
#5 /var/www/html/system/CodeIgniter.php(394): CodeIgniter\CodeIgniter->startController()
#6 /var/www/html/system/CodeIgniter.php(312): CodeIgniter\CodeIgniter->handleRequest(NULL, Object(Config\Cache), false)
#7 /var/www/html/public/index.php(45): CodeIgniter\CodeIgniter->run()
#8 {main}
CRITICAL - 2023-02-01 13:29:10 --> syntax error, unexpected end of file, expecting ')'
#0 /var/www/html/system/Autoloader/Autoloader.php(296): CodeIgniter\Autoloader\Autoloader->requireFile('/var/www/html/a...')
#1 /var/www/html/system/Autoloader/Autoloader.php(258): CodeIgniter\Autoloader\Autoloader->loadInNamespace('App\\Controllers...')
#2 [internal function]: CodeIgniter\Autoloader\Autoloader->loadClass('App\\Controllers...')
#3 [internal function]: spl_autoload_call('App\\Controllers...')
#4 /var/www/html/system/CodeIgniter.php(869): class_exists('\\App\\Controller...', true)
#5 /var/www/html/system/CodeIgniter.php(394): CodeIgniter\CodeIgniter->startController()
#6 /var/www/html/system/CodeIgniter.php(312): CodeIgniter\CodeIgniter->handleRequest(NULL, Object(Config\Cache), false)
#7 /var/www/html/public/index.php(45): CodeIgniter\CodeIgniter->run()
#8 {main}
CRITICAL - 2023-02-01 13:29:55 --> Cannot use [] for reading
#0 [internal function]: CodeIgniter\Debug\Exceptions->shutdownHandler()
#1 {main}
CRITICAL - 2023-02-01 13:29:55 --> Cannot use [] for reading
#0 [internal function]: CodeIgniter\Debug\Exceptions->shutdownHandler()
#1 {main}
CRITICAL - 2023-02-01 13:29:57 --> Cannot use [] for reading
#0 [internal function]: CodeIgniter\Debug\Exceptions->shutdownHandler()
#1 {main}
CRITICAL - 2023-02-01 13:30:00 --> Cannot use [] for reading
#0 [internal function]: CodeIgniter\Debug\Exceptions->shutdownHandler()
#1 {main}
CRITICAL - 2023-02-01 13:30:02 --> Cannot use [] for reading
#0 [internal function]: CodeIgniter\Debug\Exceptions->shutdownHandler()
#1 {main}
CRITICAL - 2023-02-01 13:30:07 --> Cannot use [] for reading
#0 [internal function]: CodeIgniter\Debug\Exceptions->shutdownHandler()
#1 {main}
CRITICAL - 2023-02-01 13:30:16 --> Cannot use [] for reading
#0 [internal function]: CodeIgniter\Debug\Exceptions->shutdownHandler()
#1 {main}
CRITICAL - 2023-02-01 13:30:37 --> syntax error, unexpected end of file
#0 /var/www/html/system/Autoloader/Autoloader.php(296): CodeIgniter\Autoloader\Autoloader->requireFile('/var/www/html/a...')
#1 /var/www/html/system/Autoloader/Autoloader.php(258): CodeIgniter\Autoloader\Autoloader->loadInNamespace('App\\Controllers...')
#2 [internal function]: CodeIgniter\Autoloader\Autoloader->loadClass('App\\Controllers...')
#3 [internal function]: spl_autoload_call('App\\Controllers...')
#4 /var/www/html/system/CodeIgniter.php(869): class_exists('\\App\\Controller...', true)
#5 /var/www/html/system/CodeIgniter.php(394): CodeIgniter\CodeIgniter->startController()
#6 /var/www/html/system/CodeIgniter.php(312): CodeIgniter\CodeIgniter->handleRequest(NULL, Object(Config\Cache), false)
#7 /var/www/html/public/index.php(45): CodeIgniter\CodeIgniter->run()
#8 {main}
CRITICAL - 2023-02-01 13:30:40 --> syntax error, unexpected ''ms' (T_ENCAPSED_AND_WHITESPACE), expecting ']'
#0 /var/www/html/system/Autoloader/Autoloader.php(296): CodeIgniter\Autoloader\Autoloader->requireFile('/var/www/html/a...')
#1 /var/www/html/system/Autoloader/Autoloader.php(258): CodeIgniter\Autoloader\Autoloader->loadInNamespace('App\\Controllers...')
#2 [internal function]: CodeIgniter\Autoloader\Autoloader->loadClass('App\\Controllers...')
#3 [internal function]: spl_autoload_call('App\\Controllers...')
#4 /var/www/html/system/CodeIgniter.php(869): class_exists('\\App\\Controller...', true)
#5 /var/www/html/system/CodeIgniter.php(394): CodeIgniter\CodeIgniter->startController()
#6 /var/www/html/system/CodeIgniter.php(312): CodeIgniter\CodeIgniter->handleRequest(NULL, Object(Config\Cache), false)
#7 /var/www/html/public/index.php(45): CodeIgniter\CodeIgniter->run()
#8 {main}
CRITICAL - 2023-02-01 13:31:19 --> syntax error, unexpected end of file
#0 /var/www/html/system/Autoloader/Autoloader.php(296): CodeIgniter\Autoloader\Autoloader->requireFile('/var/www/html/a...')
#1 /var/www/html/system/Autoloader/Autoloader.php(258): CodeIgniter\Autoloader\Autoloader->loadInNamespace('App\\Controllers...')
#2 [internal function]: CodeIgniter\Autoloader\Autoloader->loadClass('App\\Controllers...')
#3 [internal function]: spl_autoload_call('App\\Controllers...')
#4 /var/www/html/system/CodeIgniter.php(869): class_exists('\\App\\Controller...', true)
#5 /var/www/html/system/CodeIgniter.php(394): CodeIgniter\CodeIgniter->startController()
#6 /var/www/html/system/CodeIgniter.php(312): CodeIgniter\CodeIgniter->handleRequest(NULL, Object(Config\Cache), false)
#7 /var/www/html/public/index.php(45): CodeIgniter\CodeIgniter->run()
#8 {main}
CRITICAL - 2023-02-01 13:31:19 --> syntax error, unexpected end of file
#0 /var/www/html/system/Autoloader/Autoloader.php(296): CodeIgniter\Autoloader\Autoloader->requireFile('/var/www/html/a...')
#1 /var/www/html/system/Autoloader/Autoloader.php(258): CodeIgniter\Autoloader\Autoloader->loadInNamespace('App\\Controllers...')
#2 [internal function]: CodeIgniter\Autoloader\Autoloader->loadClass('App\\Controllers...')
#3 [internal function]: spl_autoload_call('App\\Controllers...')
#4 /var/www/html/system/CodeIgniter.php(869): class_exists('\\App\\Controller...', true)
#5 /var/www/html/system/CodeIgniter.php(394): CodeIgniter\CodeIgniter->startController()
#6 /var/www/html/system/CodeIgniter.php(312): CodeIgniter\CodeIgniter->handleRequest(NULL, Object(Config\Cache), false)
#7 /var/www/html/public/index.php(45): CodeIgniter\CodeIgniter->run()
#8 {main}
CRITICAL - 2023-02-01 13:31:24 --> syntax error, unexpected end of file, expecting variable (T_VARIABLE) or ${ (T_DOLLAR_OPEN_CURLY_BRACES) or {$ (T_CURLY_OPEN)
#0 /var/www/html/system/Autoloader/Autoloader.php(296): CodeIgniter\Autoloader\Autoloader->requireFile('/var/www/html/a...')
#1 /var/www/html/system/Autoloader/Autoloader.php(258): CodeIgniter\Autoloader\Autoloader->loadInNamespace('App\\Controllers...')
#2 [internal function]: CodeIgniter\Autoloader\Autoloader->loadClass('App\\Controllers...')
#3 [internal function]: spl_autoload_call('App\\Controllers...')
#4 /var/www/html/system/CodeIgniter.php(869): class_exists('\\App\\Controller...', true)
#5 /var/www/html/system/CodeIgniter.php(394): CodeIgniter\CodeIgniter->startController()
#6 /var/www/html/system/CodeIgniter.php(312): CodeIgniter\CodeIgniter->handleRequest(NULL, Object(Config\Cache), false)
#7 /var/www/html/public/index.php(45): CodeIgniter\CodeIgniter->run()
#8 {main}
CRITICAL - 2023-02-01 13:31:27 --> syntax error, unexpected ''ms' (T_ENCAPSED_AND_WHITESPACE), expecting ']'
#0 /var/www/html/system/Autoloader/Autoloader.php(296): CodeIgniter\Autoloader\Autoloader->requireFile('/var/www/html/a...')
#1 /var/www/html/system/Autoloader/Autoloader.php(258): CodeIgniter\Autoloader\Autoloader->loadInNamespace('App\\Controllers...')
#2 [internal function]: CodeIgniter\Autoloader\Autoloader->loadClass('App\\Controllers...')
#3 [internal function]: spl_autoload_call('App\\Controllers...')
#4 /var/www/html/system/CodeIgniter.php(869): class_exists('\\App\\Controller...', true)
#5 /var/www/html/system/CodeIgniter.php(394): CodeIgniter\CodeIgniter->startController()
#6 /var/www/html/system/CodeIgniter.php(312): CodeIgniter\CodeIgniter->handleRequest(NULL, Object(Config\Cache), false)
#7 /var/www/html/public/index.php(45): CodeIgniter\CodeIgniter->run()
#8 {main}
CRITICAL - 2023-02-01 13:31:27 --> syntax error, unexpected ''ms' (T_ENCAPSED_AND_WHITESPACE), expecting ']'
#0 /var/www/html/system/Autoloader/Autoloader.php(296): CodeIgniter\Autoloader\Autoloader->requireFile('/var/www/html/a...')
#1 /var/www/html/system/Autoloader/Autoloader.php(258): CodeIgniter\Autoloader\Autoloader->loadInNamespace('App\\Controllers...')
#2 [internal function]: CodeIgniter\Autoloader\Autoloader->loadClass('App\\Controllers...')
#3 [internal function]: spl_autoload_call('App\\Controllers...')
#4 /var/www/html/system/CodeIgniter.php(869): class_exists('\\App\\Controller...', true)
#5 /var/www/html/system/CodeIgniter.php(394): CodeIgniter\CodeIgniter->startController()
#6 /var/www/html/system/CodeIgniter.php(312): CodeIgniter\CodeIgniter->handleRequest(NULL, Object(Config\Cache), false)
#7 /var/www/html/public/index.php(45): CodeIgniter\CodeIgniter->run()
#8 {main}
CRITICAL - 2023-02-01 13:31:30 --> syntax error, unexpected end of file, expecting ')'
#0 /var/www/html/system/Autoloader/Autoloader.php(296): CodeIgniter\Autoloader\Autoloader->requireFile('/var/www/html/a...')
#1 /var/www/html/system/Autoloader/Autoloader.php(258): CodeIgniter\Autoloader\Autoloader->loadInNamespace('App\\Controllers...')
#2 [internal function]: CodeIgniter\Autoloader\Autoloader->loadClass('App\\Controllers...')
#3 [internal function]: spl_autoload_call('App\\Controllers...')
#4 /var/www/html/system/CodeIgniter.php(869): class_exists('\\App\\Controller...', true)
#5 /var/www/html/system/CodeIgniter.php(394): CodeIgniter\CodeIgniter->startController()
#6 /var/www/html/system/CodeIgniter.php(312): CodeIgniter\CodeIgniter->handleRequest(NULL, Object(Config\Cache), false)
#7 /var/www/html/public/index.php(45): CodeIgniter\CodeIgniter->run()
#8 {main}
CRITICAL - 2023-02-01 13:31:32 --> syntax error, unexpected end of file
#0 /var/www/html/system/Autoloader/Autoloader.php(296): CodeIgniter\Autoloader\Autoloader->requireFile('/var/www/html/a...')
#1 /var/www/html/system/Autoloader/Autoloader.php(258): CodeIgniter\Autoloader\Autoloader->loadInNamespace('App\\Controllers...')
#2 [internal function]: CodeIgniter\Autoloader\Autoloader->loadClass('App\\Controllers...')
#3 [internal function]: spl_autoload_call('App\\Controllers...')
#4 /var/www/html/system/CodeIgniter.php(869): class_exists('\\App\\Controller...', true)
#5 /var/www/html/system/CodeIgniter.php(394): CodeIgniter\CodeIgniter->startController()
#6 /var/www/html/system/CodeIgniter.php(312): CodeIgniter\CodeIgniter->handleRequest(NULL, Object(Config\Cache), false)
#7 /var/www/html/public/index.php(45): CodeIgniter\CodeIgniter->run()
#8 {main}
CRITICAL - 2023-02-01 13:32:09 --> Cannot use [] for reading
#0 [internal function]: CodeIgniter\Debug\Exceptions->shutdownHandler()
#1 {main}
CRITICAL - 2023-02-01 13:32:13 --> Cannot use [] for reading
#0 [internal function]: CodeIgniter\Debug\Exceptions->shutdownHandler()
#1 {main}
CRITICAL - 2023-02-01 13:32:15 --> Cannot use [] for reading
#0 [internal function]: CodeIgniter\Debug\Exceptions->shutdownHandler()
#1 {main}
CRITICAL - 2023-02-01 13:32:16 --> Cannot use [] for reading
#0 [internal function]: CodeIgniter\Debug\Exceptions->shutdownHandler()
#1 {main}
CRITICAL - 2023-02-01 13:32:43 --> Cannot use [] for reading
#0 [internal function]: CodeIgniter\Debug\Exceptions->shutdownHandler()
#1 {main}
CRITICAL - 2023-02-01 13:32:48 --> Cannot use [] for reading
#0 [internal function]: CodeIgniter\Debug\Exceptions->shutdownHandler()
#1 {main}
CRITICAL - 2023-02-01 13:33:00 --> Maximum execution time of 30 seconds exceeded
#0 [internal function]: CodeIgniter\Debug\Exceptions->shutdownHandler()
#1 {main}
CRITICAL - 2023-02-01 13:33:06 --> Cannot use [] for reading
#0 [internal function]: CodeIgniter\Debug\Exceptions->shutdownHandler()
#1 {main}
CRITICAL - 2023-02-01 13:33:25 --> Cannot use [] for reading
#0 [internal function]: CodeIgniter\Debug\Exceptions->shutdownHandler()
#1 {main}
CRITICAL - 2023-02-01 13:33:25 --> Cannot use [] for reading
#0 [internal function]: CodeIgniter\Debug\Exceptions->shutdownHandler()
#1 {main}
CRITICAL - 2023-02-01 13:33:38 --> Cannot use [] for reading
#0 [internal function]: CodeIgniter\Debug\Exceptions->shutdownHandler()
#1 {main}
CRITICAL - 2023-02-01 13:33:39 --> Cannot use [] for reading
#0 [internal function]: CodeIgniter\Debug\Exceptions->shutdownHandler()
#1 {main}
CRITICAL - 2023-02-01 13:33:39 --> Cannot use [] for reading
#0 [internal function]: CodeIgniter\Debug\Exceptions->shutdownHandler()
#1 {main}
CRITICAL - 2023-02-01 13:33:41 --> Cannot use [] for reading
#0 [internal function]: CodeIgniter\Debug\Exceptions->shutdownHandler()
#1 {main}
CRITICAL - 2023-02-01 13:33:41 --> Cannot use [] for reading
#0 [internal function]: CodeIgniter\Debug\Exceptions->shutdownHandler()
#1 {main}
CRITICAL - 2023-02-01 13:33:43 --> Cannot use [] for reading
#0 [internal function]: CodeIgniter\Debug\Exceptions->shutdownHandler()
#1 {main}
CRITICAL - 2023-02-01 13:33:44 --> Cannot use [] for reading
#0 [internal function]: CodeIgniter\Debug\Exceptions->shutdownHandler()
#1 {main}
CRITICAL - 2023-02-01 13:33:51 --> Maximum execution time of 30 seconds exceeded
#0 [internal function]: CodeIgniter\Debug\Exceptions->shutdownHandler()
#1 {main}
CRITICAL - 2023-02-01 13:33:51 --> Cannot use [] for reading
#0 [internal function]: CodeIgniter\Debug\Exceptions->shutdownHandler()
#1 {main}
CRITICAL - 2023-02-01 13:33:52 --> Cannot use [] for reading
#0 [internal function]: CodeIgniter\Debug\Exceptions->shutdownHandler()
#1 {main}
CRITICAL - 2023-02-01 13:33:52 --> Cannot use [] for reading
#0 [internal function]: CodeIgniter\Debug\Exceptions->shutdownHandler()
#1 {main}
CRITICAL - 2023-02-01 13:33:52 --> Cannot use [] for reading
#0 [internal function]: CodeIgniter\Debug\Exceptions->shutdownHandler()
#1 {main}
CRITICAL - 2023-02-01 13:33:54 --> Cannot use [] for reading
#0 [internal function]: CodeIgniter\Debug\Exceptions->shutdownHandler()
#1 {main}
CRITICAL - 2023-02-01 13:33:55 --> Cannot use [] for reading
#0 [internal function]: CodeIgniter\Debug\Exceptions->shutdownHandler()
#1 {main}
CRITICAL - 2023-02-01 13:34:00 --> Cannot use [] for reading
#0 [internal function]: CodeIgniter\Debug\Exceptions->shutdownHandler()
#1 {main}
CRITICAL - 2023-02-01 13:34:01 --> Cannot use [] for reading
#0 [internal function]: CodeIgniter\Debug\Exceptions->shutdownHandler()
#1 {main}
CRITICAL - 2023-02-01 13:34:01 --> Cannot use [] for reading
#0 [internal function]: CodeIgniter\Debug\Exceptions->shutdownHandler()
#1 {main}
CRITICAL - 2023-02-01 13:34:01 --> Cannot use [] for reading
#0 [internal function]: CodeIgniter\Debug\Exceptions->shutdownHandler()
#1 {main}
CRITICAL - 2023-02-01 13:34:03 --> Cannot use [] for reading
#0 [internal function]: CodeIgniter\Debug\Exceptions->shutdownHandler()
#1 {main}
CRITICAL - 2023-02-01 13:34:03 --> Cannot use [] for reading
#0 [internal function]: CodeIgniter\Debug\Exceptions->shutdownHandler()
#1 {main}
CRITICAL - 2023-02-01 13:34:04 --> Cannot use [] for reading
#0 [internal function]: CodeIgniter\Debug\Exceptions->shutdownHandler()
#1 {main}
CRITICAL - 2023-02-01 13:34:06 --> Cannot use [] for reading
#0 [internal function]: CodeIgniter\Debug\Exceptions->shutdownHandler()
#1 {main}
CRITICAL - 2023-02-01 13:34:07 --> Cannot use [] for reading
#0 [internal function]: CodeIgniter\Debug\Exceptions->shutdownHandler()
#1 {main}
CRITICAL - 2023-02-01 13:34:08 --> Cannot use [] for reading
#0 [internal function]: CodeIgniter\Debug\Exceptions->shutdownHandler()
#1 {main}
CRITICAL - 2023-02-01 13:34:10 --> Cannot use [] for reading
#0 [internal function]: CodeIgniter\Debug\Exceptions->shutdownHandler()
#1 {main}
CRITICAL - 2023-02-01 13:34:13 --> Cannot use [] for reading
#0 [internal function]: CodeIgniter\Debug\Exceptions->shutdownHandler()
#1 {main}
CRITICAL - 2023-02-01 13:38:29 --> syntax error, unexpected '==' (T_IS_EQUAL)
#0 /var/www/html/system/Autoloader/Autoloader.php(296): CodeIgniter\Autoloader\Autoloader->requireFile('/var/www/html/a...')
#1 /var/www/html/system/Autoloader/Autoloader.php(258): CodeIgniter\Autoloader\Autoloader->loadInNamespace('App\\Controllers...')
#2 [internal function]: CodeIgniter\Autoloader\Autoloader->loadClass('App\\Controllers...')
#3 [internal function]: spl_autoload_call('App\\Controllers...')
#4 /var/www/html/system/CodeIgniter.php(869): class_exists('\\App\\Controller...', true)
#5 /var/www/html/system/CodeIgniter.php(394): CodeIgniter\CodeIgniter->startController()
#6 /var/www/html/system/CodeIgniter.php(312): CodeIgniter\CodeIgniter->handleRequest(NULL, Object(Config\Cache), false)
#7 /var/www/html/public/index.php(45): CodeIgniter\CodeIgniter->run()
#8 {main}
CRITICAL - 2023-02-01 13:38:30 --> syntax error, unexpected '==' (T_IS_EQUAL)
#0 /var/www/html/system/Autoloader/Autoloader.php(296): CodeIgniter\Autoloader\Autoloader->requireFile('/var/www/html/a...')
#1 /var/www/html/system/Autoloader/Autoloader.php(258): CodeIgniter\Autoloader\Autoloader->loadInNamespace('App\\Controllers...')
#2 [internal function]: CodeIgniter\Autoloader\Autoloader->loadClass('App\\Controllers...')
#3 [internal function]: spl_autoload_call('App\\Controllers...')
#4 /var/www/html/system/CodeIgniter.php(869): class_exists('\\App\\Controller...', true)
#5 /var/www/html/system/CodeIgniter.php(394): CodeIgniter\CodeIgniter->startController()
#6 /var/www/html/system/CodeIgniter.php(312): CodeIgniter\CodeIgniter->handleRequest(NULL, Object(Config\Cache), false)
#7 /var/www/html/public/index.php(45): CodeIgniter\CodeIgniter->run()
#8 {main}
CRITICAL - 2023-02-01 13:38:32 --> syntax error, unexpected '==' (T_IS_EQUAL)
#0 /var/www/html/system/Autoloader/Autoloader.php(296): CodeIgniter\Autoloader\Autoloader->requireFile('/var/www/html/a...')
#1 /var/www/html/system/Autoloader/Autoloader.php(258): CodeIgniter\Autoloader\Autoloader->loadInNamespace('App\\Controllers...')
#2 [internal function]: CodeIgniter\Autoloader\Autoloader->loadClass('App\\Controllers...')
#3 [internal function]: spl_autoload_call('App\\Controllers...')
#4 /var/www/html/system/CodeIgniter.php(869): class_exists('\\App\\Controller...', true)
#5 /var/www/html/system/CodeIgniter.php(394): CodeIgniter\CodeIgniter->startController()
#6 /var/www/html/system/CodeIgniter.php(312): CodeIgniter\CodeIgniter->handleRequest(NULL, Object(Config\Cache), false)
#7 /var/www/html/public/index.php(45): CodeIgniter\CodeIgniter->run()
#8 {main}
CRITICAL - 2023-02-01 13:38:32 --> syntax error, unexpected '==' (T_IS_EQUAL)
#0 /var/www/html/system/Autoloader/Autoloader.php(296): CodeIgniter\Autoloader\Autoloader->requireFile('/var/www/html/a...')
#1 /var/www/html/system/Autoloader/Autoloader.php(258): CodeIgniter\Autoloader\Autoloader->loadInNamespace('App\\Controllers...')
#2 [internal function]: CodeIgniter\Autoloader\Autoloader->loadClass('App\\Controllers...')
#3 [internal function]: spl_autoload_call('App\\Controllers...')
#4 /var/www/html/system/CodeIgniter.php(869): class_exists('\\App\\Controller...', true)
#5 /var/www/html/system/CodeIgniter.php(394): CodeIgniter\CodeIgniter->startController()
#6 /var/www/html/system/CodeIgniter.php(312): CodeIgniter\CodeIgniter->handleRequest(NULL, Object(Config\Cache), false)
#7 /var/www/html/public/index.php(45): CodeIgniter\CodeIgniter->run()
#8 {main}
CRITICAL - 2023-02-01 13:38:39 --> syntax error, unexpected '==' (T_IS_EQUAL)
#0 /var/www/html/system/Autoloader/Autoloader.php(296): CodeIgniter\Autoloader\Autoloader->requireFile('/var/www/html/a...')
#1 /var/www/html/system/Autoloader/Autoloader.php(258): CodeIgniter\Autoloader\Autoloader->loadInNamespace('App\\Controllers...')
#2 [internal function]: CodeIgniter\Autoloader\Autoloader->loadClass('App\\Controllers...')
#3 [internal function]: spl_autoload_call('App\\Controllers...')
#4 /var/www/html/system/CodeIgniter.php(869): class_exists('\\App\\Controller...', true)
#5 /var/www/html/system/CodeIgniter.php(394): CodeIgniter\CodeIgniter->startController()
#6 /var/www/html/system/CodeIgniter.php(312): CodeIgniter\CodeIgniter->handleRequest(NULL, Object(Config\Cache), false)
#7 /var/www/html/public/index.php(45): CodeIgniter\CodeIgniter->run()
#8 {main}
CRITICAL - 2023-02-01 13:38:45 --> syntax error, unexpected '==' (T_IS_EQUAL)
#0 /var/www/html/system/Autoloader/Autoloader.php(296): CodeIgniter\Autoloader\Autoloader->requireFile('/var/www/html/a...')
#1 /var/www/html/system/Autoloader/Autoloader.php(258): CodeIgniter\Autoloader\Autoloader->loadInNamespace('App\\Controllers...')
#2 [internal function]: CodeIgniter\Autoloader\Autoloader->loadClass('App\\Controllers...')
#3 [internal function]: spl_autoload_call('App\\Controllers...')
#4 /var/www/html/system/CodeIgniter.php(869): class_exists('\\App\\Controller...', true)
#5 /var/www/html/system/CodeIgniter.php(394): CodeIgniter\CodeIgniter->startController()
#6 /var/www/html/system/CodeIgniter.php(312): CodeIgniter\CodeIgniter->handleRequest(NULL, Object(Config\Cache), false)
#7 /var/www/html/public/index.php(45): CodeIgniter\CodeIgniter->run()
#8 {main}
CRITICAL - 2023-02-01 13:38:46 --> syntax error, unexpected '==' (T_IS_EQUAL)
#0 /var/www/html/system/Autoloader/Autoloader.php(296): CodeIgniter\Autoloader\Autoloader->requireFile('/var/www/html/a...')
#1 /var/www/html/system/Autoloader/Autoloader.php(258): CodeIgniter\Autoloader\Autoloader->loadInNamespace('App\\Controllers...')
#2 [internal function]: CodeIgniter\Autoloader\Autoloader->loadClass('App\\Controllers...')
#3 [internal function]: spl_autoload_call('App\\Controllers...')
#4 /var/www/html/system/CodeIgniter.php(869): class_exists('\\App\\Controller...', true)
#5 /var/www/html/system/CodeIgniter.php(394): CodeIgniter\CodeIgniter->startController()
#6 /var/www/html/system/CodeIgniter.php(312): CodeIgniter\CodeIgniter->handleRequest(NULL, Object(Config\Cache), false)
#7 /var/www/html/public/index.php(45): CodeIgniter\CodeIgniter->run()
#8 {main}
CRITICAL - 2023-02-01 13:38:52 --> syntax error, unexpected '==' (T_IS_EQUAL)
#0 /var/www/html/system/Autoloader/Autoloader.php(296): CodeIgniter\Autoloader\Autoloader->requireFile('/var/www/html/a...')
#1 /var/www/html/system/Autoloader/Autoloader.php(258): CodeIgniter\Autoloader\Autoloader->loadInNamespace('App\\Controllers...')
#2 [internal function]: CodeIgniter\Autoloader\Autoloader->loadClass('App\\Controllers...')
#3 [internal function]: spl_autoload_call('App\\Controllers...')
#4 /var/www/html/system/CodeIgniter.php(869): class_exists('\\App\\Controller...', true)
#5 /var/www/html/system/CodeIgniter.php(394): CodeIgniter\CodeIgniter->startController()
#6 /var/www/html/system/CodeIgniter.php(312): CodeIgniter\CodeIgniter->handleRequest(NULL, Object(Config\Cache), false)
#7 /var/www/html/public/index.php(45): CodeIgniter\CodeIgniter->run()
#8 {main}
CRITICAL - 2023-02-01 13:39:06 --> syntax error, unexpected '==' (T_IS_EQUAL)
#0 /var/www/html/system/Autoloader/Autoloader.php(296): CodeIgniter\Autoloader\Autoloader->requireFile('/var/www/html/a...')
#1 /var/www/html/system/Autoloader/Autoloader.php(258): CodeIgniter\Autoloader\Autoloader->loadInNamespace('App\\Controllers...')
#2 [internal function]: CodeIgniter\Autoloader\Autoloader->loadClass('App\\Controllers...')
#3 [internal function]: spl_autoload_call('App\\Controllers...')
#4 /var/www/html/system/CodeIgniter.php(869): class_exists('\\App\\Controller...', true)
#5 /var/www/html/system/CodeIgniter.php(394): CodeIgniter\CodeIgniter->startController()
#6 /var/www/html/system/CodeIgniter.php(312): CodeIgniter\CodeIgniter->handleRequest(NULL, Object(Config\Cache), false)
#7 /var/www/html/public/index.php(45): CodeIgniter\CodeIgniter->run()
#8 {main}
CRITICAL - 2023-02-01 13:39:10 --> syntax error, unexpected '==' (T_IS_EQUAL)
#0 /var/www/html/system/Autoloader/Autoloader.php(296): CodeIgniter\Autoloader\Autoloader->requireFile('/var/www/html/a...')
#1 /var/www/html/system/Autoloader/Autoloader.php(258): CodeIgniter\Autoloader\Autoloader->loadInNamespace('App\\Controllers...')
#2 [internal function]: CodeIgniter\Autoloader\Autoloader->loadClass('App\\Controllers...')
#3 [internal function]: spl_autoload_call('App\\Controllers...')
#4 /var/www/html/system/CodeIgniter.php(869): class_exists('\\App\\Controller...', true)
#5 /var/www/html/system/CodeIgniter.php(394): CodeIgniter\CodeIgniter->startController()
#6 /var/www/html/system/CodeIgniter.php(312): CodeIgniter\CodeIgniter->handleRequest(NULL, Object(Config\Cache), false)
#7 /var/www/html/public/index.php(45): CodeIgniter\CodeIgniter->run()
#8 {main}
CRITICAL - 2023-02-01 13:39:19 --> syntax error, unexpected '==' (T_IS_EQUAL)
#0 /var/www/html/system/Router/Router.php(195): CodeIgniter\Router\Router->autoRoute('ApiUsers/getmob...')
#1 /var/www/html/system/CodeIgniter.php(793): CodeIgniter\Router\Router->handle('ApiUsers/getmob...')
#2 /var/www/html/system/CodeIgniter.php(364): CodeIgniter\CodeIgniter->tryToRouteIt(Object(CodeIgniter\Router\RouteCollection))
#3 /var/www/html/system/CodeIgniter.php(312): CodeIgniter\CodeIgniter->handleRequest(NULL, Object(Config\Cache), false)
#4 /var/www/html/public/index.php(45): CodeIgniter\CodeIgniter->run()
#5 {main}
CRITICAL - 2023-02-01 13:39:34 --> syntax error, unexpected '==' (T_IS_EQUAL)
#0 /var/www/html/system/Autoloader/Autoloader.php(296): CodeIgniter\Autoloader\Autoloader->requireFile('/var/www/html/a...')
#1 /var/www/html/system/Autoloader/Autoloader.php(258): CodeIgniter\Autoloader\Autoloader->loadInNamespace('App\\Controllers...')
#2 [internal function]: CodeIgniter\Autoloader\Autoloader->loadClass('App\\Controllers...')
#3 [internal function]: spl_autoload_call('App\\Controllers...')
#4 /var/www/html/system/CodeIgniter.php(869): class_exists('\\App\\Controller...', true)
#5 /var/www/html/system/CodeIgniter.php(394): CodeIgniter\CodeIgniter->startController()
#6 /var/www/html/system/CodeIgniter.php(312): CodeIgniter\CodeIgniter->handleRequest(NULL, Object(Config\Cache), false)
#7 /var/www/html/public/index.php(45): CodeIgniter\CodeIgniter->run()
#8 {main}
CRITICAL - 2023-02-01 13:39:37 --> syntax error, unexpected '==' (T_IS_EQUAL)
#0 /var/www/html/system/Autoloader/Autoloader.php(296): CodeIgniter\Autoloader\Autoloader->requireFile('/var/www/html/a...')
#1 /var/www/html/system/Autoloader/Autoloader.php(258): CodeIgniter\Autoloader\Autoloader->loadInNamespace('App\\Controllers...')
#2 [internal function]: CodeIgniter\Autoloader\Autoloader->loadClass('App\\Controllers...')
#3 [internal function]: spl_autoload_call('App\\Controllers...')
#4 /var/www/html/system/CodeIgniter.php(869): class_exists('\\App\\Controller...', true)
#5 /var/www/html/system/CodeIgniter.php(394): CodeIgniter\CodeIgniter->startController()
#6 /var/www/html/system/CodeIgniter.php(312): CodeIgniter\CodeIgniter->handleRequest(NULL, Object(Config\Cache), false)
#7 /var/www/html/public/index.php(45): CodeIgniter\CodeIgniter->run()
#8 {main}
CRITICAL - 2023-02-01 13:39:37 --> syntax error, unexpected '==' (T_IS_EQUAL)
#0 /var/www/html/system/Autoloader/Autoloader.php(296): CodeIgniter\Autoloader\Autoloader->requireFile('/var/www/html/a...')
#1 /var/www/html/system/Autoloader/Autoloader.php(258): CodeIgniter\Autoloader\Autoloader->loadInNamespace('App\\Controllers...')
#2 [internal function]: CodeIgniter\Autoloader\Autoloader->loadClass('App\\Controllers...')
#3 [internal function]: spl_autoload_call('App\\Controllers...')
#4 /var/www/html/system/CodeIgniter.php(869): class_exists('\\App\\Controller...', true)
#5 /var/www/html/system/CodeIgniter.php(394): CodeIgniter\CodeIgniter->startController()
#6 /var/www/html/system/CodeIgniter.php(312): CodeIgniter\CodeIgniter->handleRequest(NULL, Object(Config\Cache), false)
#7 /var/www/html/public/index.php(45): CodeIgniter\CodeIgniter->run()
#8 {main}
CRITICAL - 2023-02-01 13:39:40 --> syntax error, unexpected '==' (T_IS_EQUAL)
#0 /var/www/html/system/Autoloader/Autoloader.php(296): CodeIgniter\Autoloader\Autoloader->requireFile('/var/www/html/a...')
#1 /var/www/html/system/Autoloader/Autoloader.php(258): CodeIgniter\Autoloader\Autoloader->loadInNamespace('App\\Controllers...')
#2 [internal function]: CodeIgniter\Autoloader\Autoloader->loadClass('App\\Controllers...')
#3 [internal function]: spl_autoload_call('App\\Controllers...')
#4 /var/www/html/system/CodeIgniter.php(869): class_exists('\\App\\Controller...', true)
#5 /var/www/html/system/CodeIgniter.php(394): CodeIgniter\CodeIgniter->startController()
#6 /var/www/html/system/CodeIgniter.php(312): CodeIgniter\CodeIgniter->handleRequest(NULL, Object(Config\Cache), false)
#7 /var/www/html/public/index.php(45): CodeIgniter\CodeIgniter->run()
#8 {main}
CRITICAL - 2023-02-01 13:39:41 --> syntax error, unexpected '==' (T_IS_EQUAL)
#0 /var/www/html/system/Autoloader/Autoloader.php(296): CodeIgniter\Autoloader\Autoloader->requireFile('/var/www/html/a...')
#1 /var/www/html/system/Autoloader/Autoloader.php(258): CodeIgniter\Autoloader\Autoloader->loadInNamespace('App\\Controllers...')
#2 [internal function]: CodeIgniter\Autoloader\Autoloader->loadClass('App\\Controllers...')
#3 [internal function]: spl_autoload_call('App\\Controllers...')
#4 /var/www/html/system/CodeIgniter.php(869): class_exists('\\App\\Controller...', true)
#5 /var/www/html/system/CodeIgniter.php(394): CodeIgniter\CodeIgniter->startController()
#6 /var/www/html/system/CodeIgniter.php(312): CodeIgniter\CodeIgniter->handleRequest(NULL, Object(Config\Cache), false)
#7 /var/www/html/public/index.php(45): CodeIgniter\CodeIgniter->run()
#8 {main}
CRITICAL - 2023-02-01 13:39:41 --> syntax error, unexpected '==' (T_IS_EQUAL)
#0 /var/www/html/system/Autoloader/Autoloader.php(296): CodeIgniter\Autoloader\Autoloader->requireFile('/var/www/html/a...')
#1 /var/www/html/system/Autoloader/Autoloader.php(258): CodeIgniter\Autoloader\Autoloader->loadInNamespace('App\\Controllers...')
#2 [internal function]: CodeIgniter\Autoloader\Autoloader->loadClass('App\\Controllers...')
#3 [internal function]: spl_autoload_call('App\\Controllers...')
#4 /var/www/html/system/CodeIgniter.php(869): class_exists('\\App\\Controller...', true)
#5 /var/www/html/system/CodeIgniter.php(394): CodeIgniter\CodeIgniter->startController()
#6 /var/www/html/system/CodeIgniter.php(312): CodeIgniter\CodeIgniter->handleRequest(NULL, Object(Config\Cache), false)
#7 /var/www/html/public/index.php(45): CodeIgniter\CodeIgniter->run()
#8 {main}
CRITICAL - 2023-02-01 13:39:42 --> syntax error, unexpected '==' (T_IS_EQUAL)
#0 /var/www/html/system/Autoloader/Autoloader.php(296): CodeIgniter\Autoloader\Autoloader->requireFile('/var/www/html/a...')
#1 /var/www/html/system/Autoloader/Autoloader.php(258): CodeIgniter\Autoloader\Autoloader->loadInNamespace('App\\Controllers...')
#2 [internal function]: CodeIgniter\Autoloader\Autoloader->loadClass('App\\Controllers...')
#3 [internal function]: spl_autoload_call('App\\Controllers...')
#4 /var/www/html/system/CodeIgniter.php(869): class_exists('\\App\\Controller...', true)
#5 /var/www/html/system/CodeIgniter.php(394): CodeIgniter\CodeIgniter->startController()
#6 /var/www/html/system/CodeIgniter.php(312): CodeIgniter\CodeIgniter->handleRequest(NULL, Object(Config\Cache), false)
#7 /var/www/html/public/index.php(45): CodeIgniter\CodeIgniter->run()
#8 {main}
CRITICAL - 2023-02-01 13:39:44 --> syntax error, unexpected '==' (T_IS_EQUAL)
#0 /var/www/html/system/Autoloader/Autoloader.php(296): CodeIgniter\Autoloader\Autoloader->requireFile('/var/www/html/a...')
#1 /var/www/html/system/Autoloader/Autoloader.php(258): CodeIgniter\Autoloader\Autoloader->loadInNamespace('App\\Controllers...')
#2 [internal function]: CodeIgniter\Autoloader\Autoloader->loadClass('App\\Controllers...')
#3 [internal function]: spl_autoload_call('App\\Controllers...')
#4 /var/www/html/system/CodeIgniter.php(869): class_exists('\\App\\Controller...', true)
#5 /var/www/html/system/CodeIgniter.php(394): CodeIgniter\CodeIgniter->startController()
#6 /var/www/html/system/CodeIgniter.php(312): CodeIgniter\CodeIgniter->handleRequest(NULL, Object(Config\Cache), false)
#7 /var/www/html/public/index.php(45): CodeIgniter\CodeIgniter->run()
#8 {main}
CRITICAL - 2023-02-01 13:39:44 --> syntax error, unexpected '==' (T_IS_EQUAL)
#0 /var/www/html/system/Autoloader/Autoloader.php(296): CodeIgniter\Autoloader\Autoloader->requireFile('/var/www/html/a...')
#1 /var/www/html/system/Autoloader/Autoloader.php(258): CodeIgniter\Autoloader\Autoloader->loadInNamespace('App\\Controllers...')
#2 [internal function]: CodeIgniter\Autoloader\Autoloader->loadClass('App\\Controllers...')
#3 [internal function]: spl_autoload_call('App\\Controllers...')
#4 /var/www/html/system/CodeIgniter.php(869): class_exists('\\App\\Controller...', true)
#5 /var/www/html/system/CodeIgniter.php(394): CodeIgniter\CodeIgniter->startController()
#6 /var/www/html/system/CodeIgniter.php(312): CodeIgniter\CodeIgniter->handleRequest(NULL, Object(Config\Cache), false)
#7 /var/www/html/public/index.php(45): CodeIgniter\CodeIgniter->run()
#8 {main}
CRITICAL - 2023-02-01 13:39:45 --> syntax error, unexpected '==' (T_IS_EQUAL)
#0 /var/www/html/system/Autoloader/Autoloader.php(296): CodeIgniter\Autoloader\Autoloader->requireFile('/var/www/html/a...')
#1 /var/www/html/system/Autoloader/Autoloader.php(258): CodeIgniter\Autoloader\Autoloader->loadInNamespace('App\\Controllers...')
#2 [internal function]: CodeIgniter\Autoloader\Autoloader->loadClass('App\\Controllers...')
#3 [internal function]: spl_autoload_call('App\\Controllers...')
#4 /var/www/html/system/CodeIgniter.php(869): class_exists('\\App\\Controller...', true)
#5 /var/www/html/system/CodeIgniter.php(394): CodeIgniter\CodeIgniter->startController()
#6 /var/www/html/system/CodeIgniter.php(312): CodeIgniter\CodeIgniter->handleRequest(NULL, Object(Config\Cache), false)
#7 /var/www/html/public/index.php(45): CodeIgniter\CodeIgniter->run()
#8 {main}
CRITICAL - 2023-02-01 13:39:46 --> syntax error, unexpected '==' (T_IS_EQUAL)
#0 /var/www/html/system/Autoloader/Autoloader.php(296): CodeIgniter\Autoloader\Autoloader->requireFile('/var/www/html/a...')
#1 /var/www/html/system/Autoloader/Autoloader.php(258): CodeIgniter\Autoloader\Autoloader->loadInNamespace('App\\Controllers...')
#2 [internal function]: CodeIgniter\Autoloader\Autoloader->loadClass('App\\Controllers...')
#3 [internal function]: spl_autoload_call('App\\Controllers...')
#4 /var/www/html/system/CodeIgniter.php(869): class_exists('\\App\\Controller...', true)
#5 /var/www/html/system/CodeIgniter.php(394): CodeIgniter\CodeIgniter->startController()
#6 /var/www/html/system/CodeIgniter.php(312): CodeIgniter\CodeIgniter->handleRequest(NULL, Object(Config\Cache), false)
#7 /var/www/html/public/index.php(45): CodeIgniter\CodeIgniter->run()
#8 {main}
CRITICAL - 2023-02-01 13:39:47 --> syntax error, unexpected '==' (T_IS_EQUAL)
#0 /var/www/html/system/Autoloader/Autoloader.php(296): CodeIgniter\Autoloader\Autoloader->requireFile('/var/www/html/a...')
#1 /var/www/html/system/Autoloader/Autoloader.php(258): CodeIgniter\Autoloader\Autoloader->loadInNamespace('App\\Controllers...')
#2 [internal function]: CodeIgniter\Autoloader\Autoloader->loadClass('App\\Controllers...')
#3 [internal function]: spl_autoload_call('App\\Controllers...')
#4 /var/www/html/system/CodeIgniter.php(869): class_exists('\\App\\Controller...', true)
#5 /var/www/html/system/CodeIgniter.php(394): CodeIgniter\CodeIgniter->startController()
#6 /var/www/html/system/CodeIgniter.php(312): CodeIgniter\CodeIgniter->handleRequest(NULL, Object(Config\Cache), false)
#7 /var/www/html/public/index.php(45): CodeIgniter\CodeIgniter->run()
#8 {main}
CRITICAL - 2023-02-01 13:39:47 --> syntax error, unexpected '==' (T_IS_EQUAL)
#0 /var/www/html/system/Autoloader/Autoloader.php(296): CodeIgniter\Autoloader\Autoloader->requireFile('/var/www/html/a...')
#1 /var/www/html/system/Autoloader/Autoloader.php(258): CodeIgniter\Autoloader\Autoloader->loadInNamespace('App\\Controllers...')
#2 [internal function]: CodeIgniter\Autoloader\Autoloader->loadClass('App\\Controllers...')
#3 [internal function]: spl_autoload_call('App\\Controllers...')
#4 /var/www/html/system/CodeIgniter.php(869): class_exists('\\App\\Controller...', true)
#5 /var/www/html/system/CodeIgniter.php(394): CodeIgniter\CodeIgniter->startController()
#6 /var/www/html/system/CodeIgniter.php(312): CodeIgniter\CodeIgniter->handleRequest(NULL, Object(Config\Cache), false)
#7 /var/www/html/public/index.php(45): CodeIgniter\CodeIgniter->run()
#8 {main}
CRITICAL - 2023-02-01 13:39:47 --> syntax error, unexpected '==' (T_IS_EQUAL)
#0 /var/www/html/system/Autoloader/Autoloader.php(296): CodeIgniter\Autoloader\Autoloader->requireFile('/var/www/html/a...')
#1 /var/www/html/system/Autoloader/Autoloader.php(258): CodeIgniter\Autoloader\Autoloader->loadInNamespace('App\\Controllers...')
#2 [internal function]: CodeIgniter\Autoloader\Autoloader->loadClass('App\\Controllers...')
#3 [internal function]: spl_autoload_call('App\\Controllers...')
#4 /var/www/html/system/CodeIgniter.php(869): class_exists('\\App\\Controller...', true)
#5 /var/www/html/system/CodeIgniter.php(394): CodeIgniter\CodeIgniter->startController()
#6 /var/www/html/system/CodeIgniter.php(312): CodeIgniter\CodeIgniter->handleRequest(NULL, Object(Config\Cache), false)
#7 /var/www/html/public/index.php(45): CodeIgniter\CodeIgniter->run()
#8 {main}
CRITICAL - 2023-02-01 13:39:55 --> syntax error, unexpected '==' (T_IS_EQUAL)
#0 /var/www/html/system/Router/Router.php(195): CodeIgniter\Router\Router->autoRoute('ApiUsers/getmob...')
#1 /var/www/html/system/CodeIgniter.php(793): CodeIgniter\Router\Router->handle('ApiUsers/getmob...')
#2 /var/www/html/system/CodeIgniter.php(364): CodeIgniter\CodeIgniter->tryToRouteIt(Object(CodeIgniter\Router\RouteCollection))
#3 /var/www/html/system/CodeIgniter.php(312): CodeIgniter\CodeIgniter->handleRequest(NULL, Object(Config\Cache), false)
#4 /var/www/html/public/index.php(45): CodeIgniter\CodeIgniter->run()
#5 {main}
CRITICAL - 2023-02-01 13:39:58 --> syntax error, unexpected '==' (T_IS_EQUAL)
#0 /var/www/html/system/Autoloader/Autoloader.php(296): CodeIgniter\Autoloader\Autoloader->requireFile('/var/www/html/a...')
#1 /var/www/html/system/Autoloader/Autoloader.php(258): CodeIgniter\Autoloader\Autoloader->loadInNamespace('App\\Controllers...')
#2 [internal function]: CodeIgniter\Autoloader\Autoloader->loadClass('App\\Controllers...')
#3 [internal function]: spl_autoload_call('App\\Controllers...')
#4 /var/www/html/system/CodeIgniter.php(869): class_exists('\\App\\Controller...', true)
#5 /var/www/html/system/CodeIgniter.php(394): CodeIgniter\CodeIgniter->startController()
#6 /var/www/html/system/CodeIgniter.php(312): CodeIgniter\CodeIgniter->handleRequest(NULL, Object(Config\Cache), false)
#7 /var/www/html/public/index.php(45): CodeIgniter\CodeIgniter->run()
#8 {main}
CRITICAL - 2023-02-01 13:40:01 --> syntax error, unexpected '==' (T_IS_EQUAL)
#0 /var/www/html/system/Router/Router.php(195): CodeIgniter\Router\Router->autoRoute('ApiUsers/getmob...')
#1 /var/www/html/system/CodeIgniter.php(793): CodeIgniter\Router\Router->handle('ApiUsers/getmob...')
#2 /var/www/html/system/CodeIgniter.php(364): CodeIgniter\CodeIgniter->tryToRouteIt(Object(CodeIgniter\Router\RouteCollection))
#3 /var/www/html/system/CodeIgniter.php(312): CodeIgniter\CodeIgniter->handleRequest(NULL, Object(Config\Cache), false)
#4 /var/www/html/public/index.php(45): CodeIgniter\CodeIgniter->run()
#5 {main}
CRITICAL - 2023-02-01 13:40:05 --> syntax error, unexpected '==' (T_IS_EQUAL)
#0 /var/www/html/system/Autoloader/Autoloader.php(296): CodeIgniter\Autoloader\Autoloader->requireFile('/var/www/html/a...')
#1 /var/www/html/system/Autoloader/Autoloader.php(258): CodeIgniter\Autoloader\Autoloader->loadInNamespace('App\\Controllers...')
#2 [internal function]: CodeIgniter\Autoloader\Autoloader->loadClass('App\\Controllers...')
#3 [internal function]: spl_autoload_call('App\\Controllers...')
#4 /var/www/html/system/CodeIgniter.php(869): class_exists('\\App\\Controller...', true)
#5 /var/www/html/system/CodeIgniter.php(394): CodeIgniter\CodeIgniter->startController()
#6 /var/www/html/system/CodeIgniter.php(312): CodeIgniter\CodeIgniter->handleRequest(NULL, Object(Config\Cache), false)
#7 /var/www/html/public/index.php(45): CodeIgniter\CodeIgniter->run()
#8 {main}
CRITICAL - 2023-02-01 13:41:04 --> syntax error, unexpected '==' (T_IS_EQUAL)
#0 /var/www/html/system/Autoloader/Autoloader.php(296): CodeIgniter\Autoloader\Autoloader->requireFile('/var/www/html/a...')
#1 /var/www/html/system/Autoloader/Autoloader.php(258): CodeIgniter\Autoloader\Autoloader->loadInNamespace('App\\Controllers...')
#2 [internal function]: CodeIgniter\Autoloader\Autoloader->loadClass('App\\Controllers...')
#3 [internal function]: spl_autoload_call('App\\Controllers...')
#4 /var/www/html/system/CodeIgniter.php(869): class_exists('\\App\\Controller...', true)
#5 /var/www/html/system/CodeIgniter.php(394): CodeIgniter\CodeIgniter->startController()
#6 /var/www/html/system/CodeIgniter.php(312): CodeIgniter\CodeIgniter->handleRequest(NULL, Object(Config\Cache), false)
#7 /var/www/html/public/index.php(45): CodeIgniter\CodeIgniter->run()
#8 {main}
CRITICAL - 2023-02-01 13:41:06 --> syntax error, unexpected '==' (T_IS_EQUAL)
#0 /var/www/html/system/Autoloader/Autoloader.php(296): CodeIgniter\Autoloader\Autoloader->requireFile('/var/www/html/a...')
#1 /var/www/html/system/Autoloader/Autoloader.php(258): CodeIgniter\Autoloader\Autoloader->loadInNamespace('App\\Controllers...')
#2 [internal function]: CodeIgniter\Autoloader\Autoloader->loadClass('App\\Controllers...')
#3 [internal function]: spl_autoload_call('App\\Controllers...')
#4 /var/www/html/system/CodeIgniter.php(869): class_exists('\\App\\Controller...', true)
#5 /var/www/html/system/CodeIgniter.php(394): CodeIgniter\CodeIgniter->startController()
#6 /var/www/html/system/CodeIgniter.php(312): CodeIgniter\CodeIgniter->handleRequest(NULL, Object(Config\Cache), false)
#7 /var/www/html/public/index.php(45): CodeIgniter\CodeIgniter->run()
#8 {main}
CRITICAL - 2023-02-01 13:41:07 --> syntax error, unexpected '==' (T_IS_EQUAL)
#0 /var/www/html/system/Autoloader/Autoloader.php(296): CodeIgniter\Autoloader\Autoloader->requireFile('/var/www/html/a...')
#1 /var/www/html/system/Autoloader/Autoloader.php(258): CodeIgniter\Autoloader\Autoloader->loadInNamespace('App\\Controllers...')
#2 [internal function]: CodeIgniter\Autoloader\Autoloader->loadClass('App\\Controllers...')
#3 [internal function]: spl_autoload_call('App\\Controllers...')
#4 /var/www/html/system/CodeIgniter.php(869): class_exists('\\App\\Controller...', true)
#5 /var/www/html/system/CodeIgniter.php(394): CodeIgniter\CodeIgniter->startController()
#6 /var/www/html/system/CodeIgniter.php(312): CodeIgniter\CodeIgniter->handleRequest(NULL, Object(Config\Cache), false)
#7 /var/www/html/public/index.php(45): CodeIgniter\CodeIgniter->run()
#8 {main}
CRITICAL - 2023-02-01 13:41:07 --> syntax error, unexpected '==' (T_IS_EQUAL)
#0 /var/www/html/system/Autoloader/Autoloader.php(296): CodeIgniter\Autoloader\Autoloader->requireFile('/var/www/html/a...')
#1 /var/www/html/system/Autoloader/Autoloader.php(258): CodeIgniter\Autoloader\Autoloader->loadInNamespace('App\\Controllers...')
#2 [internal function]: CodeIgniter\Autoloader\Autoloader->loadClass('App\\Controllers...')
#3 [internal function]: spl_autoload_call('App\\Controllers...')
#4 /var/www/html/system/CodeIgniter.php(869): class_exists('\\App\\Controller...', true)
#5 /var/www/html/system/CodeIgniter.php(394): CodeIgniter\CodeIgniter->startController()
#6 /var/www/html/system/CodeIgniter.php(312): CodeIgniter\CodeIgniter->handleRequest(NULL, Object(Config\Cache), false)
#7 /var/www/html/public/index.php(45): CodeIgniter\CodeIgniter->run()
#8 {main}
CRITICAL - 2023-02-01 13:41:21 --> syntax error, unexpected '==' (T_IS_EQUAL)
#0 /var/www/html/system/Autoloader/Autoloader.php(296): CodeIgniter\Autoloader\Autoloader->requireFile('/var/www/html/a...')
#1 /var/www/html/system/Autoloader/Autoloader.php(258): CodeIgniter\Autoloader\Autoloader->loadInNamespace('App\\Controllers...')
#2 [internal function]: CodeIgniter\Autoloader\Autoloader->loadClass('App\\Controllers...')
#3 [internal function]: spl_autoload_call('App\\Controllers...')
#4 /var/www/html/system/CodeIgniter.php(869): class_exists('\\App\\Controller...', true)
#5 /var/www/html/system/CodeIgniter.php(394): CodeIgniter\CodeIgniter->startController()
#6 /var/www/html/system/CodeIgniter.php(312): CodeIgniter\CodeIgniter->handleRequest(NULL, Object(Config\Cache), false)
#7 /var/www/html/public/index.php(45): CodeIgniter\CodeIgniter->run()
#8 {main}
CRITICAL - 2023-02-01 13:41:21 --> syntax error, unexpected '==' (T_IS_EQUAL)
#0 /var/www/html/system/Autoloader/Autoloader.php(296): CodeIgniter\Autoloader\Autoloader->requireFile('/var/www/html/a...')
#1 /var/www/html/system/Autoloader/Autoloader.php(258): CodeIgniter\Autoloader\Autoloader->loadInNamespace('App\\Controllers...')
#2 [internal function]: CodeIgniter\Autoloader\Autoloader->loadClass('App\\Controllers...')
#3 [internal function]: spl_autoload_call('App\\Controllers...')
#4 /var/www/html/system/CodeIgniter.php(869): class_exists('\\App\\Controller...', true)
#5 /var/www/html/system/CodeIgniter.php(394): CodeIgniter\CodeIgniter->startController()
#6 /var/www/html/system/CodeIgniter.php(312): CodeIgniter\CodeIgniter->handleRequest(NULL, Object(Config\Cache), false)
#7 /var/www/html/public/index.php(45): CodeIgniter\CodeIgniter->run()
#8 {main}
CRITICAL - 2023-02-01 13:41:22 --> syntax error, unexpected '==' (T_IS_EQUAL)
#0 /var/www/html/system/Autoloader/Autoloader.php(296): CodeIgniter\Autoloader\Autoloader->requireFile('/var/www/html/a...')
#1 /var/www/html/system/Autoloader/Autoloader.php(258): CodeIgniter\Autoloader\Autoloader->loadInNamespace('App\\Controllers...')
#2 [internal function]: CodeIgniter\Autoloader\Autoloader->loadClass('App\\Controllers...')
#3 [internal function]: spl_autoload_call('App\\Controllers...')
#4 /var/www/html/system/CodeIgniter.php(869): class_exists('\\App\\Controller...', true)
#5 /var/www/html/system/CodeIgniter.php(394): CodeIgniter\CodeIgniter->startController()
#6 /var/www/html/system/CodeIgniter.php(312): CodeIgniter\CodeIgniter->handleRequest(NULL, Object(Config\Cache), false)
#7 /var/www/html/public/index.php(45): CodeIgniter\CodeIgniter->run()
#8 {main}
CRITICAL - 2023-02-01 13:41:46 --> syntax error, unexpected '==' (T_IS_EQUAL)
#0 /var/www/html/system/Autoloader/Autoloader.php(296): CodeIgniter\Autoloader\Autoloader->requireFile('/var/www/html/a...')
#1 /var/www/html/system/Autoloader/Autoloader.php(258): CodeIgniter\Autoloader\Autoloader->loadInNamespace('App\\Controllers...')
#2 [internal function]: CodeIgniter\Autoloader\Autoloader->loadClass('App\\Controllers...')
#3 [internal function]: spl_autoload_call('App\\Controllers...')
#4 /var/www/html/system/CodeIgniter.php(869): class_exists('\\App\\Controller...', true)
#5 /var/www/html/system/CodeIgniter.php(394): CodeIgniter\CodeIgniter->startController()
#6 /var/www/html/system/CodeIgniter.php(312): CodeIgniter\CodeIgniter->handleRequest(NULL, Object(Config\Cache), false)
#7 /var/www/html/public/index.php(45): CodeIgniter\CodeIgniter->run()
#8 {main}
CRITICAL - 2023-02-01 13:48:25 --> Maximum execution time of 30 seconds exceeded
#0 [internal function]: CodeIgniter\Debug\Exceptions->shutdownHandler()
#1 {main}
CRITICAL - 2023-02-01 13:49:16 --> Maximum execution time of 30 seconds exceeded
#0 [internal function]: CodeIgniter\Debug\Exceptions->shutdownHandler()
#1 {main}
CRITICAL - 2023-02-01 13:50:23 --> Maximum execution time of 30 seconds exceeded
#0 [internal function]: CodeIgniter\Debug\Exceptions->shutdownHandler()
#1 {main}
CRITICAL - 2023-02-01 13:52:46 --> Maximum execution time of 30 seconds exceeded
#0 [internal function]: CodeIgniter\Debug\Exceptions->shutdownHandler()
#1 {main}
CRITICAL - 2023-02-01 14:02:36 --> Maximum execution time of 30 seconds exceeded
#0 [internal function]: CodeIgniter\Debug\Exceptions->shutdownHandler()
#1 {main}
CRITICAL - 2023-02-01 14:03:41 --> Maximum execution time of 30 seconds exceeded
#0 [internal function]: CodeIgniter\Debug\Exceptions->shutdownHandler()
#1 {main}
CRITICAL - 2023-02-01 14:04:29 --> Maximum execution time of 30 seconds exceeded
#0 [internal function]: CodeIgniter\Debug\Exceptions->shutdownHandler()
#1 {main}
CRITICAL - 2023-02-01 14:14:32 --> Maximum execution time of 30 seconds exceeded
#0 [internal function]: CodeIgniter\Debug\Exceptions->shutdownHandler()
#1 {main}
CRITICAL - 2023-02-01 14:15:39 --> Maximum execution time of 30 seconds exceeded
#0 [internal function]: CodeIgniter\Debug\Exceptions->shutdownHandler()
#1 {main}
CRITICAL - 2023-02-01 14:16:41 --> Maximum execution time of 30 seconds exceeded
#0 [internal function]: CodeIgniter\Debug\Exceptions->shutdownHandler()
#1 {main}
CRITICAL - 2023-02-01 15:16:43 --> Maximum execution time of 30 seconds exceeded
#0 [internal function]: CodeIgniter\Debug\Exceptions->shutdownHandler()
#1 {main}
CRITICAL - 2023-02-01 15:34:10 --> Maximum execution time of 30 seconds exceeded
#0 [internal function]: CodeIgniter\Debug\Exceptions->shutdownHandler()
#1 {main}
CRITICAL - 2023-02-01 16:52:55 --> Maximum execution time of 30 seconds exceeded
#0 [internal function]: CodeIgniter\Debug\Exceptions->shutdownHandler()
#1 {main}
CRITICAL - 2023-02-01 17:45:20 --> Maximum execution time of 30 seconds exceeded
#0 [internal function]: CodeIgniter\Debug\Exceptions->shutdownHandler()
#1 {main}
CRITICAL - 2023-02-01 17:45:45 --> Maximum execution time of 30 seconds exceeded
#0 [internal function]: CodeIgniter\Debug\Exceptions->shutdownHandler()
#1 {main}
CRITICAL - 2023-02-01 18:15:43 --> Maximum execution time of 30 seconds exceeded
#0 [internal function]: CodeIgniter\Debug\Exceptions->shutdownHandler()
#1 {main}
CRITICAL - 2023-02-01 19:12:42 --> Maximum execution time of 30 seconds exceeded
#0 [internal function]: CodeIgniter\Debug\Exceptions->shutdownHandler()
#1 {main}
CRITICAL - 2023-02-01 19:54:23 --> Maximum execution time of 30 seconds exceeded
#0 [internal function]: CodeIgniter\Debug\Exceptions->shutdownHandler()
#1 {main}
CRITICAL - 2023-02-01 20:28:27 --> syntax error, unexpected end of file
#0 /var/www/html/system/Autoloader/Autoloader.php(296): CodeIgniter\Autoloader\Autoloader->requireFile('/var/www/html/a...')
#1 /var/www/html/system/Autoloader/Autoloader.php(258): CodeIgniter\Autoloader\Autoloader->loadInNamespace('App\\Controllers...')
#2 [internal function]: CodeIgniter\Autoloader\Autoloader->loadClass('App\\Controllers...')
#3 [internal function]: spl_autoload_call('App\\Controllers...')
#4 /var/www/html/system/CodeIgniter.php(869): class_exists('\\App\\Controller...', true)
#5 /var/www/html/system/CodeIgniter.php(394): CodeIgniter\CodeIgniter->startController()
#6 /var/www/html/system/CodeIgniter.php(312): CodeIgniter\CodeIgniter->handleRequest(NULL, Object(Config\Cache), false)
#7 /var/www/html/public/index.php(45): CodeIgniter\CodeIgniter->run()
#8 {main}
CRITICAL - 2023-02-01 20:55:50 --> Maximum execution time of 30 seconds exceeded
#0 [internal function]: CodeIgniter\Debug\Exceptions->shutdownHandler()
#1 {main}
CRITICAL - 2023-02-01 21:05:02 --> Maximum execution time of 30 seconds exceeded
#0 [internal function]: CodeIgniter\Debug\Exceptions->shutdownHandler()
#1 {main}
CRITICAL - 2023-02-01 22:07:20 --> Maximum execution time of 30 seconds exceeded
#0 [internal function]: CodeIgniter\Debug\Exceptions->shutdownHandler()
#1 {main}
CRITICAL - 2023-02-01 22:43:40 --> Maximum execution time of 30 seconds exceeded
#0 [internal function]: CodeIgniter\Debug\Exceptions->shutdownHandler()
#1 {main}
CRITICAL - 2023-02-01 22:43:50 --> Maximum execution time of 30 seconds exceeded
#0 [internal function]: CodeIgniter\Debug\Exceptions->shutdownHandler()
#1 {main}
