CRITICAL - 2023-03-12 00:15:44 --> array_merge(): Argument #2 is not an array
#0 [internal function]: CodeIgniter\Debug\Exceptions->errorHandler(2, 'array_merge(): ...', '/var/www/html/a...', 105, Array)
#1 /var/www/html/app/Controllers/ApiFavorate.php(105): array_merge(Array, NULL)
#2 /var/www/html/system/CodeIgniter.php(918): App\Controllers\ApiFavorate->index()
#3 /var/www/html/system/CodeIgniter.php(404): CodeIgniter\CodeIgniter->runController(Object(App\Controllers\ApiFavorate))
#4 /var/www/html/system/CodeIgniter.php(312): CodeIgniter\CodeIgniter->handleRequest(NULL, Object(Config\Cache), false)
#5 /var/www/html/public/index.php(45): CodeIgniter\CodeIgniter->run()
#6 {main}
CRITICAL - 2023-03-12 00:18:13 --> array_merge(): Argument #2 is not an array
#0 [internal function]: CodeIgniter\Debug\Exceptions->errorHandler(2, 'array_merge(): ...', '/var/www/html/a...', 105, Array)
#1 /var/www/html/app/Controllers/ApiFavorate.php(105): array_merge(Array, NULL)
#2 /var/www/html/system/CodeIgniter.php(918): App\Controllers\ApiFavorate->index()
#3 /var/www/html/system/CodeIgniter.php(404): CodeIgniter\CodeIgniter->runController(Object(App\Controllers\ApiFavorate))
#4 /var/www/html/system/CodeIgniter.php(312): CodeIgniter\CodeIgniter->handleRequest(NULL, Object(Config\Cache), false)
#5 /var/www/html/public/index.php(45): CodeIgniter\CodeIgniter->run()
#6 {main}
CRITICAL - 2023-03-12 01:08:35 --> array_merge(): Argument #2 is not an array
#0 [internal function]: CodeIgniter\Debug\Exceptions->errorHandler(2, 'array_merge(): ...', '/var/www/html/a...', 105, Array)
#1 /var/www/html/app/Controllers/ApiFavorate.php(105): array_merge(Array, NULL)
#2 /var/www/html/system/CodeIgniter.php(918): App\Controllers\ApiFavorate->index()
#3 /var/www/html/system/CodeIgniter.php(404): CodeIgniter\CodeIgniter->runController(Object(App\Controllers\ApiFavorate))
#4 /var/www/html/system/CodeIgniter.php(312): CodeIgniter\CodeIgniter->handleRequest(NULL, Object(Config\Cache), false)
#5 /var/www/html/public/index.php(45): CodeIgniter\CodeIgniter->run()
#6 {main}
CRITICAL - 2023-03-12 01:10:08 --> array_merge(): Argument #2 is not an array
#0 [internal function]: CodeIgniter\Debug\Exceptions->errorHandler(2, 'array_merge(): ...', '/var/www/html/a...', 105, Array)
#1 /var/www/html/app/Controllers/ApiFavorate.php(105): array_merge(Array, NULL)
#2 /var/www/html/system/CodeIgniter.php(918): App\Controllers\ApiFavorate->index()
#3 /var/www/html/system/CodeIgniter.php(404): CodeIgniter\CodeIgniter->runController(Object(App\Controllers\ApiFavorate))
#4 /var/www/html/system/CodeIgniter.php(312): CodeIgniter\CodeIgniter->handleRequest(NULL, Object(Config\Cache), false)
#5 /var/www/html/public/index.php(45): CodeIgniter\CodeIgniter->run()
#6 {main}
CRITICAL - 2023-03-12 01:12:36 --> array_merge(): Argument #2 is not an array
#0 [internal function]: CodeIgniter\Debug\Exceptions->errorHandler(2, 'array_merge(): ...', '/var/www/html/a...', 105, Array)
#1 /var/www/html/app/Controllers/ApiFavorate.php(105): array_merge(Array, NULL)
#2 /var/www/html/system/CodeIgniter.php(918): App\Controllers\ApiFavorate->index()
#3 /var/www/html/system/CodeIgniter.php(404): CodeIgniter\CodeIgniter->runController(Object(App\Controllers\ApiFavorate))
#4 /var/www/html/system/CodeIgniter.php(312): CodeIgniter\CodeIgniter->handleRequest(NULL, Object(Config\Cache), false)
#5 /var/www/html/public/index.php(45): CodeIgniter\CodeIgniter->run()
#6 {main}
CRITICAL - 2023-03-12 01:13:26 --> array_merge(): Argument #2 is not an array
#0 [internal function]: CodeIgniter\Debug\Exceptions->errorHandler(2, 'array_merge(): ...', '/var/www/html/a...', 105, Array)
#1 /var/www/html/app/Controllers/ApiFavorate.php(105): array_merge(Array, NULL)
#2 /var/www/html/system/CodeIgniter.php(918): App\Controllers\ApiFavorate->index()
#3 /var/www/html/system/CodeIgniter.php(404): CodeIgniter\CodeIgniter->runController(Object(App\Controllers\ApiFavorate))
#4 /var/www/html/system/CodeIgniter.php(312): CodeIgniter\CodeIgniter->handleRequest(NULL, Object(Config\Cache), false)
#5 /var/www/html/public/index.php(45): CodeIgniter\CodeIgniter->run()
#6 {main}
CRITICAL - 2023-03-12 01:15:56 --> array_merge(): Argument #2 is not an array
#0 [internal function]: CodeIgniter\Debug\Exceptions->errorHandler(2, 'array_merge(): ...', '/var/www/html/a...', 105, Array)
#1 /var/www/html/app/Controllers/ApiFavorate.php(105): array_merge(Array, NULL)
#2 /var/www/html/system/CodeIgniter.php(918): App\Controllers\ApiFavorate->index()
#3 /var/www/html/system/CodeIgniter.php(404): CodeIgniter\CodeIgniter->runController(Object(App\Controllers\ApiFavorate))
#4 /var/www/html/system/CodeIgniter.php(312): CodeIgniter\CodeIgniter->handleRequest(NULL, Object(Config\Cache), false)
#5 /var/www/html/public/index.php(45): CodeIgniter\CodeIgniter->run()
#6 {main}
CRITICAL - 2023-03-12 01:16:14 --> array_merge(): Argument #2 is not an array
#0 [internal function]: CodeIgniter\Debug\Exceptions->errorHandler(2, 'array_merge(): ...', '/var/www/html/a...', 105, Array)
#1 /var/www/html/app/Controllers/ApiFavorate.php(105): array_merge(Array, NULL)
#2 /var/www/html/system/CodeIgniter.php(918): App\Controllers\ApiFavorate->index()
#3 /var/www/html/system/CodeIgniter.php(404): CodeIgniter\CodeIgniter->runController(Object(App\Controllers\ApiFavorate))
#4 /var/www/html/system/CodeIgniter.php(312): CodeIgniter\CodeIgniter->handleRequest(NULL, Object(Config\Cache), false)
#5 /var/www/html/public/index.php(45): CodeIgniter\CodeIgniter->run()
#6 {main}
CRITICAL - 2023-03-12 01:16:41 --> array_merge(): Argument #2 is not an array
#0 [internal function]: CodeIgniter\Debug\Exceptions->errorHandler(2, 'array_merge(): ...', '/var/www/html/a...', 105, Array)
#1 /var/www/html/app/Controllers/ApiFavorate.php(105): array_merge(Array, NULL)
#2 /var/www/html/system/CodeIgniter.php(918): App\Controllers\ApiFavorate->index()
#3 /var/www/html/system/CodeIgniter.php(404): CodeIgniter\CodeIgniter->runController(Object(App\Controllers\ApiFavorate))
#4 /var/www/html/system/CodeIgniter.php(312): CodeIgniter\CodeIgniter->handleRequest(NULL, Object(Config\Cache), false)
#5 /var/www/html/public/index.php(45): CodeIgniter\CodeIgniter->run()
#6 {main}
CRITICAL - 2023-03-12 02:38:59 --> array_merge(): Argument #2 is not an array
#0 [internal function]: CodeIgniter\Debug\Exceptions->errorHandler(2, 'array_merge(): ...', '/var/www/html/a...', 105, Array)
#1 /var/www/html/app/Controllers/ApiFavorate.php(105): array_merge(Array, NULL)
#2 /var/www/html/system/CodeIgniter.php(918): App\Controllers\ApiFavorate->index()
#3 /var/www/html/system/CodeIgniter.php(404): CodeIgniter\CodeIgniter->runController(Object(App\Controllers\ApiFavorate))
#4 /var/www/html/system/CodeIgniter.php(312): CodeIgniter\CodeIgniter->handleRequest(NULL, Object(Config\Cache), false)
#5 /var/www/html/public/index.php(45): CodeIgniter\CodeIgniter->run()
#6 {main}
CRITICAL - 2023-03-12 02:38:59 --> array_merge(): Argument #2 is not an array
#0 [internal function]: CodeIgniter\Debug\Exceptions->errorHandler(2, 'array_merge(): ...', '/var/www/html/a...', 105, Array)
#1 /var/www/html/app/Controllers/ApiFavorate.php(105): array_merge(Array, NULL)
#2 /var/www/html/system/CodeIgniter.php(918): App\Controllers\ApiFavorate->index()
#3 /var/www/html/system/CodeIgniter.php(404): CodeIgniter\CodeIgniter->runController(Object(App\Controllers\ApiFavorate))
#4 /var/www/html/system/CodeIgniter.php(312): CodeIgniter\CodeIgniter->handleRequest(NULL, Object(Config\Cache), false)
#5 /var/www/html/public/index.php(45): CodeIgniter\CodeIgniter->run()
#6 {main}
CRITICAL - 2023-03-12 02:39:28 --> array_merge(): Argument #2 is not an array
#0 [internal function]: CodeIgniter\Debug\Exceptions->errorHandler(2, 'array_merge(): ...', '/var/www/html/a...', 105, Array)
#1 /var/www/html/app/Controllers/ApiFavorate.php(105): array_merge(Array, NULL)
#2 /var/www/html/system/CodeIgniter.php(918): App\Controllers\ApiFavorate->index()
#3 /var/www/html/system/CodeIgniter.php(404): CodeIgniter\CodeIgniter->runController(Object(App\Controllers\ApiFavorate))
#4 /var/www/html/system/CodeIgniter.php(312): CodeIgniter\CodeIgniter->handleRequest(NULL, Object(Config\Cache), false)
#5 /var/www/html/public/index.php(45): CodeIgniter\CodeIgniter->run()
#6 {main}
CRITICAL - 2023-03-12 02:39:28 --> array_merge(): Argument #2 is not an array
#0 [internal function]: CodeIgniter\Debug\Exceptions->errorHandler(2, 'array_merge(): ...', '/var/www/html/a...', 105, Array)
#1 /var/www/html/app/Controllers/ApiFavorate.php(105): array_merge(Array, NULL)
#2 /var/www/html/system/CodeIgniter.php(918): App\Controllers\ApiFavorate->index()
#3 /var/www/html/system/CodeIgniter.php(404): CodeIgniter\CodeIgniter->runController(Object(App\Controllers\ApiFavorate))
#4 /var/www/html/system/CodeIgniter.php(312): CodeIgniter\CodeIgniter->handleRequest(NULL, Object(Config\Cache), false)
#5 /var/www/html/public/index.php(45): CodeIgniter\CodeIgniter->run()
#6 {main}
CRITICAL - 2023-03-12 07:28:17 --> array_merge(): Argument #2 is not an array
#0 [internal function]: CodeIgniter\Debug\Exceptions->errorHandler(2, 'array_merge(): ...', '/var/www/html/a...', 105, Array)
#1 /var/www/html/app/Controllers/ApiFavorate.php(105): array_merge(Array, NULL)
#2 /var/www/html/system/CodeIgniter.php(918): App\Controllers\ApiFavorate->index()
#3 /var/www/html/system/CodeIgniter.php(404): CodeIgniter\CodeIgniter->runController(Object(App\Controllers\ApiFavorate))
#4 /var/www/html/system/CodeIgniter.php(312): CodeIgniter\CodeIgniter->handleRequest(NULL, Object(Config\Cache), false)
#5 /var/www/html/public/index.php(45): CodeIgniter\CodeIgniter->run()
#6 {main}
CRITICAL - 2023-03-12 07:29:46 --> array_merge(): Argument #2 is not an array
#0 [internal function]: CodeIgniter\Debug\Exceptions->errorHandler(2, 'array_merge(): ...', '/var/www/html/a...', 105, Array)
#1 /var/www/html/app/Controllers/ApiFavorate.php(105): array_merge(Array, NULL)
#2 /var/www/html/system/CodeIgniter.php(918): App\Controllers\ApiFavorate->index()
#3 /var/www/html/system/CodeIgniter.php(404): CodeIgniter\CodeIgniter->runController(Object(App\Controllers\ApiFavorate))
#4 /var/www/html/system/CodeIgniter.php(312): CodeIgniter\CodeIgniter->handleRequest(NULL, Object(Config\Cache), false)
#5 /var/www/html/public/index.php(45): CodeIgniter\CodeIgniter->run()
#6 {main}
CRITICAL - 2023-03-12 09:31:29 --> Maximum execution time of 30 seconds exceeded
#0 [internal function]: CodeIgniter\Debug\Exceptions->shutdownHandler()
#1 {main}
CRITICAL - 2023-03-12 11:00:44 --> array_merge(): Argument #2 is not an array
#0 [internal function]: CodeIgniter\Debug\Exceptions->errorHandler(2, 'array_merge(): ...', '/var/www/html/a...', 105, Array)
#1 /var/www/html/app/Controllers/ApiFavorate.php(105): array_merge(Array, NULL)
#2 /var/www/html/system/CodeIgniter.php(918): App\Controllers\ApiFavorate->index()
#3 /var/www/html/system/CodeIgniter.php(404): CodeIgniter\CodeIgniter->runController(Object(App\Controllers\ApiFavorate))
#4 /var/www/html/system/CodeIgniter.php(312): CodeIgniter\CodeIgniter->handleRequest(NULL, Object(Config\Cache), false)
#5 /var/www/html/public/index.php(45): CodeIgniter\CodeIgniter->run()
#6 {main}
CRITICAL - 2023-03-12 11:51:34 --> array_merge(): Argument #2 is not an array
#0 [internal function]: CodeIgniter\Debug\Exceptions->errorHandler(2, 'array_merge(): ...', '/var/www/html/a...', 105, Array)
#1 /var/www/html/app/Controllers/ApiFavorate.php(105): array_merge(Array, NULL)
#2 /var/www/html/system/CodeIgniter.php(918): App\Controllers\ApiFavorate->index()
#3 /var/www/html/system/CodeIgniter.php(404): CodeIgniter\CodeIgniter->runController(Object(App\Controllers\ApiFavorate))
#4 /var/www/html/system/CodeIgniter.php(312): CodeIgniter\CodeIgniter->handleRequest(NULL, Object(Config\Cache), false)
#5 /var/www/html/public/index.php(45): CodeIgniter\CodeIgniter->run()
#6 {main}
CRITICAL - 2023-03-12 15:21:15 --> array_merge(): Argument #2 is not an array
#0 [internal function]: CodeIgniter\Debug\Exceptions->errorHandler(2, 'array_merge(): ...', '/var/www/html/a...', 105, Array)
#1 /var/www/html/app/Controllers/ApiFavorate.php(105): array_merge(Array, NULL)
#2 /var/www/html/system/CodeIgniter.php(918): App\Controllers\ApiFavorate->index()
#3 /var/www/html/system/CodeIgniter.php(404): CodeIgniter\CodeIgniter->runController(Object(App\Controllers\ApiFavorate))
#4 /var/www/html/system/CodeIgniter.php(312): CodeIgniter\CodeIgniter->handleRequest(NULL, Object(Config\Cache), false)
#5 /var/www/html/public/index.php(45): CodeIgniter\CodeIgniter->run()
#6 {main}
CRITICAL - 2023-03-12 15:32:26 --> array_merge(): Argument #2 is not an array
#0 [internal function]: CodeIgniter\Debug\Exceptions->errorHandler(2, 'array_merge(): ...', '/var/www/html/a...', 105, Array)
#1 /var/www/html/app/Controllers/ApiFavorate.php(105): array_merge(Array, NULL)
#2 /var/www/html/system/CodeIgniter.php(918): App\Controllers\ApiFavorate->index()
#3 /var/www/html/system/CodeIgniter.php(404): CodeIgniter\CodeIgniter->runController(Object(App\Controllers\ApiFavorate))
#4 /var/www/html/system/CodeIgniter.php(312): CodeIgniter\CodeIgniter->handleRequest(NULL, Object(Config\Cache), false)
#5 /var/www/html/public/index.php(45): CodeIgniter\CodeIgniter->run()
#6 {main}
CRITICAL - 2023-03-12 18:06:18 --> array_merge(): Argument #2 is not an array
#0 [internal function]: CodeIgniter\Debug\Exceptions->errorHandler(2, 'array_merge(): ...', '/var/www/html/a...', 105, Array)
#1 /var/www/html/app/Controllers/ApiFavorate.php(105): array_merge(Array, NULL)
#2 /var/www/html/system/CodeIgniter.php(918): App\Controllers\ApiFavorate->index()
#3 /var/www/html/system/CodeIgniter.php(404): CodeIgniter\CodeIgniter->runController(Object(App\Controllers\ApiFavorate))
#4 /var/www/html/system/CodeIgniter.php(312): CodeIgniter\CodeIgniter->handleRequest(NULL, Object(Config\Cache), false)
#5 /var/www/html/public/index.php(45): CodeIgniter\CodeIgniter->run()
#6 {main}
CRITICAL - 2023-03-12 19:57:45 --> array_merge(): Argument #2 is not an array
#0 [internal function]: CodeIgniter\Debug\Exceptions->errorHandler(2, 'array_merge(): ...', '/var/www/html/a...', 105, Array)
#1 /var/www/html/app/Controllers/ApiFavorate.php(105): array_merge(Array, NULL)
#2 /var/www/html/system/CodeIgniter.php(918): App\Controllers\ApiFavorate->index()
#3 /var/www/html/system/CodeIgniter.php(404): CodeIgniter\CodeIgniter->runController(Object(App\Controllers\ApiFavorate))
#4 /var/www/html/system/CodeIgniter.php(312): CodeIgniter\CodeIgniter->handleRequest(NULL, Object(Config\Cache), false)
#5 /var/www/html/public/index.php(45): CodeIgniter\CodeIgniter->run()
#6 {main}
CRITICAL - 2023-03-12 19:58:19 --> array_merge(): Argument #2 is not an array
#0 [internal function]: CodeIgniter\Debug\Exceptions->errorHandler(2, 'array_merge(): ...', '/var/www/html/a...', 105, Array)
#1 /var/www/html/app/Controllers/ApiFavorate.php(105): array_merge(Array, NULL)
#2 /var/www/html/system/CodeIgniter.php(918): App\Controllers\ApiFavorate->index()
#3 /var/www/html/system/CodeIgniter.php(404): CodeIgniter\CodeIgniter->runController(Object(App\Controllers\ApiFavorate))
#4 /var/www/html/system/CodeIgniter.php(312): CodeIgniter\CodeIgniter->handleRequest(NULL, Object(Config\Cache), false)
#5 /var/www/html/public/index.php(45): CodeIgniter\CodeIgniter->run()
#6 {main}
CRITICAL - 2023-03-12 19:58:30 --> array_merge(): Argument #2 is not an array
#0 [internal function]: CodeIgniter\Debug\Exceptions->errorHandler(2, 'array_merge(): ...', '/var/www/html/a...', 105, Array)
#1 /var/www/html/app/Controllers/ApiFavorate.php(105): array_merge(Array, NULL)
#2 /var/www/html/system/CodeIgniter.php(918): App\Controllers\ApiFavorate->index()
#3 /var/www/html/system/CodeIgniter.php(404): CodeIgniter\CodeIgniter->runController(Object(App\Controllers\ApiFavorate))
#4 /var/www/html/system/CodeIgniter.php(312): CodeIgniter\CodeIgniter->handleRequest(NULL, Object(Config\Cache), false)
#5 /var/www/html/public/index.php(45): CodeIgniter\CodeIgniter->run()
#6 {main}
CRITICAL - 2023-03-12 20:17:48 --> array_merge(): Argument #2 is not an array
#0 [internal function]: CodeIgniter\Debug\Exceptions->errorHandler(2, 'array_merge(): ...', '/var/www/html/a...', 105, Array)
#1 /var/www/html/app/Controllers/ApiFavorate.php(105): array_merge(Array, NULL)
#2 /var/www/html/system/CodeIgniter.php(918): App\Controllers\ApiFavorate->index()
#3 /var/www/html/system/CodeIgniter.php(404): CodeIgniter\CodeIgniter->runController(Object(App\Controllers\ApiFavorate))
#4 /var/www/html/system/CodeIgniter.php(312): CodeIgniter\CodeIgniter->handleRequest(NULL, Object(Config\Cache), false)
#5 /var/www/html/public/index.php(45): CodeIgniter\CodeIgniter->run()
#6 {main}
CRITICAL - 2023-03-12 20:17:48 --> array_merge(): Argument #2 is not an array
#0 [internal function]: CodeIgniter\Debug\Exceptions->errorHandler(2, 'array_merge(): ...', '/var/www/html/a...', 105, Array)
#1 /var/www/html/app/Controllers/ApiFavorate.php(105): array_merge(Array, NULL)
#2 /var/www/html/system/CodeIgniter.php(918): App\Controllers\ApiFavorate->index()
#3 /var/www/html/system/CodeIgniter.php(404): CodeIgniter\CodeIgniter->runController(Object(App\Controllers\ApiFavorate))
#4 /var/www/html/system/CodeIgniter.php(312): CodeIgniter\CodeIgniter->handleRequest(NULL, Object(Config\Cache), false)
#5 /var/www/html/public/index.php(45): CodeIgniter\CodeIgniter->run()
#6 {main}
CRITICAL - 2023-03-12 20:31:39 --> array_merge(): Argument #2 is not an array
#0 [internal function]: CodeIgniter\Debug\Exceptions->errorHandler(2, 'array_merge(): ...', '/var/www/html/a...', 105, Array)
#1 /var/www/html/app/Controllers/ApiFavorate.php(105): array_merge(Array, NULL)
#2 /var/www/html/system/CodeIgniter.php(918): App\Controllers\ApiFavorate->index()
#3 /var/www/html/system/CodeIgniter.php(404): CodeIgniter\CodeIgniter->runController(Object(App\Controllers\ApiFavorate))
#4 /var/www/html/system/CodeIgniter.php(312): CodeIgniter\CodeIgniter->handleRequest(NULL, Object(Config\Cache), false)
#5 /var/www/html/public/index.php(45): CodeIgniter\CodeIgniter->run()
#6 {main}
CRITICAL - 2023-03-12 20:33:28 --> Maximum execution time of 30 seconds exceeded
#0 [internal function]: CodeIgniter\Debug\Exceptions->shutdownHandler()
#1 {main}
CRITICAL - 2023-03-12 20:37:29 --> array_merge(): Argument #2 is not an array
#0 [internal function]: CodeIgniter\Debug\Exceptions->errorHandler(2, 'array_merge(): ...', '/var/www/html/a...', 105, Array)
#1 /var/www/html/app/Controllers/ApiFavorate.php(105): array_merge(Array, NULL)
#2 /var/www/html/system/CodeIgniter.php(918): App\Controllers\ApiFavorate->index()
#3 /var/www/html/system/CodeIgniter.php(404): CodeIgniter\CodeIgniter->runController(Object(App\Controllers\ApiFavorate))
#4 /var/www/html/system/CodeIgniter.php(312): CodeIgniter\CodeIgniter->handleRequest(NULL, Object(Config\Cache), false)
#5 /var/www/html/public/index.php(45): CodeIgniter\CodeIgniter->run()
#6 {main}
CRITICAL - 2023-03-12 20:41:33 --> array_merge(): Argument #2 is not an array
#0 [internal function]: CodeIgniter\Debug\Exceptions->errorHandler(2, 'array_merge(): ...', '/var/www/html/a...', 105, Array)
#1 /var/www/html/app/Controllers/ApiFavorate.php(105): array_merge(Array, NULL)
#2 /var/www/html/system/CodeIgniter.php(918): App\Controllers\ApiFavorate->index()
#3 /var/www/html/system/CodeIgniter.php(404): CodeIgniter\CodeIgniter->runController(Object(App\Controllers\ApiFavorate))
#4 /var/www/html/system/CodeIgniter.php(312): CodeIgniter\CodeIgniter->handleRequest(NULL, Object(Config\Cache), false)
#5 /var/www/html/public/index.php(45): CodeIgniter\CodeIgniter->run()
#6 {main}
CRITICAL - 2023-03-12 23:49:47 --> array_merge(): Argument #2 is not an array
#0 [internal function]: CodeIgniter\Debug\Exceptions->errorHandler(2, 'array_merge(): ...', '/var/www/html/a...', 105, Array)
#1 /var/www/html/app/Controllers/ApiFavorate.php(105): array_merge(Array, NULL)
#2 /var/www/html/system/CodeIgniter.php(918): App\Controllers\ApiFavorate->index()
#3 /var/www/html/system/CodeIgniter.php(404): CodeIgniter\CodeIgniter->runController(Object(App\Controllers\ApiFavorate))
#4 /var/www/html/system/CodeIgniter.php(312): CodeIgniter\CodeIgniter->handleRequest(NULL, Object(Config\Cache), false)
#5 /var/www/html/public/index.php(45): CodeIgniter\CodeIgniter->run()
#6 {main}
CRITICAL - 2023-03-12 23:50:01 --> array_merge(): Argument #2 is not an array
#0 [internal function]: CodeIgniter\Debug\Exceptions->errorHandler(2, 'array_merge(): ...', '/var/www/html/a...', 105, Array)
#1 /var/www/html/app/Controllers/ApiFavorate.php(105): array_merge(Array, NULL)
#2 /var/www/html/system/CodeIgniter.php(918): App\Controllers\ApiFavorate->index()
#3 /var/www/html/system/CodeIgniter.php(404): CodeIgniter\CodeIgniter->runController(Object(App\Controllers\ApiFavorate))
#4 /var/www/html/system/CodeIgniter.php(312): CodeIgniter\CodeIgniter->handleRequest(NULL, Object(Config\Cache), false)
#5 /var/www/html/public/index.php(45): CodeIgniter\CodeIgniter->run()
#6 {main}
