CRITICAL - 2023-03-06 00:35:56 --> array_merge(): Argument #2 is not an array
#0 [internal function]: CodeIgniter\Debug\Exceptions->errorHandler(2, 'array_merge(): ...', '/var/www/html/a...', 105, Array)
#1 /var/www/html/app/Controllers/ApiFavorate.php(105): array_merge(Array, NULL)
#2 /var/www/html/system/CodeIgniter.php(918): App\Controllers\ApiFavorate->index()
#3 /var/www/html/system/CodeIgniter.php(404): CodeIgniter\CodeIgniter->runController(Object(App\Controllers\ApiFavorate))
#4 /var/www/html/system/CodeIgniter.php(312): CodeIgniter\CodeIgniter->handleRequest(NULL, Object(Config\Cache), false)
#5 /var/www/html/public/index.php(45): CodeIgniter\CodeIgniter->run()
#6 {main}
CRITICAL - 2023-03-06 07:37:58 --> array_merge(): Argument #2 is not an array
#0 [internal function]: CodeIgniter\Debug\Exceptions->errorHandler(2, 'array_merge(): ...', '/var/www/html/a...', 105, Array)
#1 /var/www/html/app/Controllers/ApiFavorate.php(105): array_merge(Array, NULL)
#2 /var/www/html/system/CodeIgniter.php(918): App\Controllers\ApiFavorate->index()
#3 /var/www/html/system/CodeIgniter.php(404): CodeIgniter\CodeIgniter->runController(Object(App\Controllers\ApiFavorate))
#4 /var/www/html/system/CodeIgniter.php(312): CodeIgniter\CodeIgniter->handleRequest(NULL, Object(Config\Cache), false)
#5 /var/www/html/public/index.php(45): CodeIgniter\CodeIgniter->run()
#6 {main}
CRITICAL - 2023-03-06 09:14:29 --> array_merge(): Argument #2 is not an array
#0 [internal function]: CodeIgniter\Debug\Exceptions->errorHandler(2, 'array_merge(): ...', '/var/www/html/a...', 105, Array)
#1 /var/www/html/app/Controllers/ApiFavorate.php(105): array_merge(Array, NULL)
#2 /var/www/html/system/CodeIgniter.php(918): App\Controllers\ApiFavorate->index()
#3 /var/www/html/system/CodeIgniter.php(404): CodeIgniter\CodeIgniter->runController(Object(App\Controllers\ApiFavorate))
#4 /var/www/html/system/CodeIgniter.php(312): CodeIgniter\CodeIgniter->handleRequest(NULL, Object(Config\Cache), false)
#5 /var/www/html/public/index.php(45): CodeIgniter\CodeIgniter->run()
#6 {main}
CRITICAL - 2023-03-06 20:24:07 --> array_merge(): Argument #2 is not an array
#0 [internal function]: CodeIgniter\Debug\Exceptions->errorHandler(2, 'array_merge(): ...', '/var/www/html/a...', 105, Array)
#1 /var/www/html/app/Controllers/ApiFavorate.php(105): array_merge(Array, NULL)
#2 /var/www/html/system/CodeIgniter.php(918): App\Controllers\ApiFavorate->index()
#3 /var/www/html/system/CodeIgniter.php(404): CodeIgniter\CodeIgniter->runController(Object(App\Controllers\ApiFavorate))
#4 /var/www/html/system/CodeIgniter.php(312): CodeIgniter\CodeIgniter->handleRequest(NULL, Object(Config\Cache), false)
#5 /var/www/html/public/index.php(45): CodeIgniter\CodeIgniter->run()
#6 {main}
CRITICAL - 2023-03-06 20:24:27 --> array_merge(): Argument #2 is not an array
#0 [internal function]: CodeIgniter\Debug\Exceptions->errorHandler(2, 'array_merge(): ...', '/var/www/html/a...', 105, Array)
#1 /var/www/html/app/Controllers/ApiFavorate.php(105): array_merge(Array, NULL)
#2 /var/www/html/system/CodeIgniter.php(918): App\Controllers\ApiFavorate->index()
#3 /var/www/html/system/CodeIgniter.php(404): CodeIgniter\CodeIgniter->runController(Object(App\Controllers\ApiFavorate))
#4 /var/www/html/system/CodeIgniter.php(312): CodeIgniter\CodeIgniter->handleRequest(NULL, Object(Config\Cache), false)
#5 /var/www/html/public/index.php(45): CodeIgniter\CodeIgniter->run()
#6 {main}
CRITICAL - 2023-03-06 21:24:24 --> Maximum execution time of 30 seconds exceeded
#0 [internal function]: CodeIgniter\Debug\Exceptions->shutdownHandler()
#1 {main}
