CRITICAL - 2023-01-13 14:13:56 --> syntax error, unexpected 'return' (T_RETURN)
#0 /var/www/html/system/Autoloader/Autoloader.php(296): CodeIgniter\Autoloader\Autoloader->requireFile('/var/www/html/a...')
#1 /var/www/html/system/Autoloader/Autoloader.php(258): CodeIgniter\Autoloader\Autoloader->loadInNamespace('App\\Models\\coup...')
#2 [internal function]: CodeIgniter\Autoloader\Autoloader->loadClass('App\\Models\\coup...')
#3 /var/www/html/app/Controllers/ApiUsers.php(3066): spl_autoload_call('App\\Models\\coup...')
#4 /var/www/html/system/CodeIgniter.php(918): App\Controllers\ApiUsers->userCoupon()
#5 /var/www/html/system/CodeIgniter.php(404): CodeIgniter\CodeIgniter->runController(Object(App\Controllers\ApiUsers))
#6 /var/www/html/system/CodeIgniter.php(312): CodeIgniter\CodeIgniter->handleRequest(NULL, Object(Config\Cache), false)
#7 /var/www/html/public/index.php(45): CodeIgniter\CodeIgniter->run()
#8 {main}
CRITICAL - 2023-01-13 14:13:57 --> syntax error, unexpected 'return' (T_RETURN)
#0 /var/www/html/system/Autoloader/Autoloader.php(296): CodeIgniter\Autoloader\Autoloader->requireFile('/var/www/html/a...')
#1 /var/www/html/system/Autoloader/Autoloader.php(258): CodeIgniter\Autoloader\Autoloader->loadInNamespace('App\\Models\\coup...')
#2 [internal function]: CodeIgniter\Autoloader\Autoloader->loadClass('App\\Models\\coup...')
#3 /var/www/html/app/Controllers/ApiUsers.php(3066): spl_autoload_call('App\\Models\\coup...')
#4 /var/www/html/system/CodeIgniter.php(918): App\Controllers\ApiUsers->userCoupon()
#5 /var/www/html/system/CodeIgniter.php(404): CodeIgniter\CodeIgniter->runController(Object(App\Controllers\ApiUsers))
#6 /var/www/html/system/CodeIgniter.php(312): CodeIgniter\CodeIgniter->handleRequest(NULL, Object(Config\Cache), false)
#7 /var/www/html/public/index.php(45): CodeIgniter\CodeIgniter->run()
#8 {main}
CRITICAL - 2023-01-13 14:14:23 --> syntax error, unexpected 'return' (T_RETURN)
#0 /var/www/html/system/Autoloader/Autoloader.php(296): CodeIgniter\Autoloader\Autoloader->requireFile('/var/www/html/a...')
#1 /var/www/html/system/Autoloader/Autoloader.php(258): CodeIgniter\Autoloader\Autoloader->loadInNamespace('App\\Models\\coup...')
#2 [internal function]: CodeIgniter\Autoloader\Autoloader->loadClass('App\\Models\\coup...')
#3 /var/www/html/app/Controllers/ApiUsers.php(3066): spl_autoload_call('App\\Models\\coup...')
#4 /var/www/html/system/CodeIgniter.php(918): App\Controllers\ApiUsers->userCoupon()
#5 /var/www/html/system/CodeIgniter.php(404): CodeIgniter\CodeIgniter->runController(Object(App\Controllers\ApiUsers))
#6 /var/www/html/system/CodeIgniter.php(312): CodeIgniter\CodeIgniter->handleRequest(NULL, Object(Config\Cache), false)
#7 /var/www/html/public/index.php(45): CodeIgniter\CodeIgniter->run()
#8 {main}
CRITICAL - 2023-01-13 14:14:24 --> syntax error, unexpected 'return' (T_RETURN)
#0 /var/www/html/system/Autoloader/Autoloader.php(296): CodeIgniter\Autoloader\Autoloader->requireFile('/var/www/html/a...')
#1 /var/www/html/system/Autoloader/Autoloader.php(258): CodeIgniter\Autoloader\Autoloader->loadInNamespace('App\\Models\\coup...')
#2 [internal function]: CodeIgniter\Autoloader\Autoloader->loadClass('App\\Models\\coup...')
#3 /var/www/html/app/Controllers/ApiUsers.php(3066): spl_autoload_call('App\\Models\\coup...')
#4 /var/www/html/system/CodeIgniter.php(918): App\Controllers\ApiUsers->userCoupon()
#5 /var/www/html/system/CodeIgniter.php(404): CodeIgniter\CodeIgniter->runController(Object(App\Controllers\ApiUsers))
#6 /var/www/html/system/CodeIgniter.php(312): CodeIgniter\CodeIgniter->handleRequest(NULL, Object(Config\Cache), false)
#7 /var/www/html/public/index.php(45): CodeIgniter\CodeIgniter->run()
#8 {main}
