CRITICAL - 2023-02-26 00:45:03 --> array_merge(): Argument #2 is not an array
#0 [internal function]: CodeIgniter\Debug\Exceptions->errorHandler(2, 'array_merge(): ...', '/var/www/html/a...', 105, Array)
#1 /var/www/html/app/Controllers/ApiFavorate.php(105): array_merge(Array, NULL)
#2 /var/www/html/system/CodeIgniter.php(918): App\Controllers\ApiFavorate->index()
#3 /var/www/html/system/CodeIgniter.php(404): CodeIgniter\CodeIgniter->runController(Object(App\Controllers\ApiFavorate))
#4 /var/www/html/system/CodeIgniter.php(312): CodeIgniter\CodeIgniter->handleRequest(NULL, Object(Config\Cache), false)
#5 /var/www/html/public/index.php(45): CodeIgniter\CodeIgniter->run()
#6 {main}
CRITICAL - 2023-02-26 00:45:03 --> array_merge(): Argument #2 is not an array
#0 [internal function]: CodeIgniter\Debug\Exceptions->errorHandler(2, 'array_merge(): ...', '/var/www/html/a...', 105, Array)
#1 /var/www/html/app/Controllers/ApiFavorate.php(105): array_merge(Array, NULL)
#2 /var/www/html/system/CodeIgniter.php(918): App\Controllers\ApiFavorate->index()
#3 /var/www/html/system/CodeIgniter.php(404): CodeIgniter\CodeIgniter->runController(Object(App\Controllers\ApiFavorate))
#4 /var/www/html/system/CodeIgniter.php(312): CodeIgniter\CodeIgniter->handleRequest(NULL, Object(Config\Cache), false)
#5 /var/www/html/public/index.php(45): CodeIgniter\CodeIgniter->run()
#6 {main}
CRITICAL - 2023-02-26 01:47:09 --> array_merge(): Argument #2 is not an array
#0 [internal function]: CodeIgniter\Debug\Exceptions->errorHandler(2, 'array_merge(): ...', '/var/www/html/a...', 105, Array)
#1 /var/www/html/app/Controllers/ApiFavorate.php(105): array_merge(Array, NULL)
#2 /var/www/html/system/CodeIgniter.php(918): App\Controllers\ApiFavorate->index()
#3 /var/www/html/system/CodeIgniter.php(404): CodeIgniter\CodeIgniter->runController(Object(App\Controllers\ApiFavorate))
#4 /var/www/html/system/CodeIgniter.php(312): CodeIgniter\CodeIgniter->handleRequest(NULL, Object(Config\Cache), false)
#5 /var/www/html/public/index.php(45): CodeIgniter\CodeIgniter->run()
#6 {main}
CRITICAL - 2023-02-26 01:47:40 --> array_merge(): Argument #2 is not an array
#0 [internal function]: CodeIgniter\Debug\Exceptions->errorHandler(2, 'array_merge(): ...', '/var/www/html/a...', 105, Array)
#1 /var/www/html/app/Controllers/ApiFavorate.php(105): array_merge(Array, NULL)
#2 /var/www/html/system/CodeIgniter.php(918): App\Controllers\ApiFavorate->index()
#3 /var/www/html/system/CodeIgniter.php(404): CodeIgniter\CodeIgniter->runController(Object(App\Controllers\ApiFavorate))
#4 /var/www/html/system/CodeIgniter.php(312): CodeIgniter\CodeIgniter->handleRequest(NULL, Object(Config\Cache), false)
#5 /var/www/html/public/index.php(45): CodeIgniter\CodeIgniter->run()
#6 {main}
CRITICAL - 2023-02-26 02:31:00 --> Maximum execution time of 30 seconds exceeded
#0 [internal function]: CodeIgniter\Debug\Exceptions->shutdownHandler()
#1 {main}
CRITICAL - 2023-02-26 02:37:04 --> Maximum execution time of 30 seconds exceeded
#0 [internal function]: CodeIgniter\Debug\Exceptions->shutdownHandler()
#1 {main}
CRITICAL - 2023-02-26 02:37:11 --> Maximum execution time of 30 seconds exceeded
#0 [internal function]: CodeIgniter\Debug\Exceptions->shutdownHandler()
#1 {main}
CRITICAL - 2023-02-26 07:44:01 --> array_merge(): Argument #2 is not an array
#0 [internal function]: CodeIgniter\Debug\Exceptions->errorHandler(2, 'array_merge(): ...', '/var/www/html/a...', 105, Array)
#1 /var/www/html/app/Controllers/ApiFavorate.php(105): array_merge(Array, NULL)
#2 /var/www/html/system/CodeIgniter.php(918): App\Controllers\ApiFavorate->index()
#3 /var/www/html/system/CodeIgniter.php(404): CodeIgniter\CodeIgniter->runController(Object(App\Controllers\ApiFavorate))
#4 /var/www/html/system/CodeIgniter.php(312): CodeIgniter\CodeIgniter->handleRequest(NULL, Object(Config\Cache), false)
#5 /var/www/html/public/index.php(45): CodeIgniter\CodeIgniter->run()
#6 {main}
CRITICAL - 2023-02-26 11:47:42 --> array_merge(): Argument #2 is not an array
#0 [internal function]: CodeIgniter\Debug\Exceptions->errorHandler(2, 'array_merge(): ...', '/var/www/html/a...', 105, Array)
#1 /var/www/html/app/Controllers/ApiFavorate.php(105): array_merge(Array, NULL)
#2 /var/www/html/system/CodeIgniter.php(918): App\Controllers\ApiFavorate->index()
#3 /var/www/html/system/CodeIgniter.php(404): CodeIgniter\CodeIgniter->runController(Object(App\Controllers\ApiFavorate))
#4 /var/www/html/system/CodeIgniter.php(312): CodeIgniter\CodeIgniter->handleRequest(NULL, Object(Config\Cache), false)
#5 /var/www/html/public/index.php(45): CodeIgniter\CodeIgniter->run()
#6 {main}
CRITICAL - 2023-02-26 14:39:00 --> array_merge(): Argument #2 is not an array
#0 [internal function]: CodeIgniter\Debug\Exceptions->errorHandler(2, 'array_merge(): ...', '/var/www/html/a...', 105, Array)
#1 /var/www/html/app/Controllers/ApiFavorate.php(105): array_merge(Array, NULL)
#2 /var/www/html/system/CodeIgniter.php(918): App\Controllers\ApiFavorate->index()
#3 /var/www/html/system/CodeIgniter.php(404): CodeIgniter\CodeIgniter->runController(Object(App\Controllers\ApiFavorate))
#4 /var/www/html/system/CodeIgniter.php(312): CodeIgniter\CodeIgniter->handleRequest(NULL, Object(Config\Cache), false)
#5 /var/www/html/public/index.php(45): CodeIgniter\CodeIgniter->run()
#6 {main}
CRITICAL - 2023-02-26 18:49:42 --> array_merge(): Argument #2 is not an array
#0 [internal function]: CodeIgniter\Debug\Exceptions->errorHandler(2, 'array_merge(): ...', '/var/www/html/a...', 105, Array)
#1 /var/www/html/app/Controllers/ApiFavorate.php(105): array_merge(Array, NULL)
#2 /var/www/html/system/CodeIgniter.php(918): App\Controllers\ApiFavorate->index()
#3 /var/www/html/system/CodeIgniter.php(404): CodeIgniter\CodeIgniter->runController(Object(App\Controllers\ApiFavorate))
#4 /var/www/html/system/CodeIgniter.php(312): CodeIgniter\CodeIgniter->handleRequest(NULL, Object(Config\Cache), false)
#5 /var/www/html/public/index.php(45): CodeIgniter\CodeIgniter->run()
#6 {main}
CRITICAL - 2023-02-26 18:55:26 --> array_merge(): Argument #2 is not an array
#0 [internal function]: CodeIgniter\Debug\Exceptions->errorHandler(2, 'array_merge(): ...', '/var/www/html/a...', 105, Array)
#1 /var/www/html/app/Controllers/ApiFavorate.php(105): array_merge(Array, NULL)
#2 /var/www/html/system/CodeIgniter.php(918): App\Controllers\ApiFavorate->index()
#3 /var/www/html/system/CodeIgniter.php(404): CodeIgniter\CodeIgniter->runController(Object(App\Controllers\ApiFavorate))
#4 /var/www/html/system/CodeIgniter.php(312): CodeIgniter\CodeIgniter->handleRequest(NULL, Object(Config\Cache), false)
#5 /var/www/html/public/index.php(45): CodeIgniter\CodeIgniter->run()
#6 {main}
CRITICAL - 2023-02-26 18:55:37 --> array_merge(): Argument #2 is not an array
#0 [internal function]: CodeIgniter\Debug\Exceptions->errorHandler(2, 'array_merge(): ...', '/var/www/html/a...', 105, Array)
#1 /var/www/html/app/Controllers/ApiFavorate.php(105): array_merge(Array, NULL)
#2 /var/www/html/system/CodeIgniter.php(918): App\Controllers\ApiFavorate->index()
#3 /var/www/html/system/CodeIgniter.php(404): CodeIgniter\CodeIgniter->runController(Object(App\Controllers\ApiFavorate))
#4 /var/www/html/system/CodeIgniter.php(312): CodeIgniter\CodeIgniter->handleRequest(NULL, Object(Config\Cache), false)
#5 /var/www/html/public/index.php(45): CodeIgniter\CodeIgniter->run()
#6 {main}
CRITICAL - 2023-02-26 18:55:50 --> array_merge(): Argument #2 is not an array
#0 [internal function]: CodeIgniter\Debug\Exceptions->errorHandler(2, 'array_merge(): ...', '/var/www/html/a...', 105, Array)
#1 /var/www/html/app/Controllers/ApiFavorate.php(105): array_merge(Array, NULL)
#2 /var/www/html/system/CodeIgniter.php(918): App\Controllers\ApiFavorate->index()
#3 /var/www/html/system/CodeIgniter.php(404): CodeIgniter\CodeIgniter->runController(Object(App\Controllers\ApiFavorate))
#4 /var/www/html/system/CodeIgniter.php(312): CodeIgniter\CodeIgniter->handleRequest(NULL, Object(Config\Cache), false)
#5 /var/www/html/public/index.php(45): CodeIgniter\CodeIgniter->run()
#6 {main}
CRITICAL - 2023-02-26 18:56:00 --> array_merge(): Argument #2 is not an array
#0 [internal function]: CodeIgniter\Debug\Exceptions->errorHandler(2, 'array_merge(): ...', '/var/www/html/a...', 105, Array)
#1 /var/www/html/app/Controllers/ApiFavorate.php(105): array_merge(Array, NULL)
#2 /var/www/html/system/CodeIgniter.php(918): App\Controllers\ApiFavorate->index()
#3 /var/www/html/system/CodeIgniter.php(404): CodeIgniter\CodeIgniter->runController(Object(App\Controllers\ApiFavorate))
#4 /var/www/html/system/CodeIgniter.php(312): CodeIgniter\CodeIgniter->handleRequest(NULL, Object(Config\Cache), false)
#5 /var/www/html/public/index.php(45): CodeIgniter\CodeIgniter->run()
#6 {main}
CRITICAL - 2023-02-26 18:56:24 --> array_merge(): Argument #2 is not an array
#0 [internal function]: CodeIgniter\Debug\Exceptions->errorHandler(2, 'array_merge(): ...', '/var/www/html/a...', 105, Array)
#1 /var/www/html/app/Controllers/ApiFavorate.php(105): array_merge(Array, NULL)
#2 /var/www/html/system/CodeIgniter.php(918): App\Controllers\ApiFavorate->index()
#3 /var/www/html/system/CodeIgniter.php(404): CodeIgniter\CodeIgniter->runController(Object(App\Controllers\ApiFavorate))
#4 /var/www/html/system/CodeIgniter.php(312): CodeIgniter\CodeIgniter->handleRequest(NULL, Object(Config\Cache), false)
#5 /var/www/html/public/index.php(45): CodeIgniter\CodeIgniter->run()
#6 {main}
CRITICAL - 2023-02-26 18:56:38 --> array_merge(): Argument #2 is not an array
#0 [internal function]: CodeIgniter\Debug\Exceptions->errorHandler(2, 'array_merge(): ...', '/var/www/html/a...', 105, Array)
#1 /var/www/html/app/Controllers/ApiFavorate.php(105): array_merge(Array, NULL)
#2 /var/www/html/system/CodeIgniter.php(918): App\Controllers\ApiFavorate->index()
#3 /var/www/html/system/CodeIgniter.php(404): CodeIgniter\CodeIgniter->runController(Object(App\Controllers\ApiFavorate))
#4 /var/www/html/system/CodeIgniter.php(312): CodeIgniter\CodeIgniter->handleRequest(NULL, Object(Config\Cache), false)
#5 /var/www/html/public/index.php(45): CodeIgniter\CodeIgniter->run()
#6 {main}
CRITICAL - 2023-02-26 19:09:21 --> array_merge(): Argument #2 is not an array
#0 [internal function]: CodeIgniter\Debug\Exceptions->errorHandler(2, 'array_merge(): ...', '/var/www/html/a...', 105, Array)
#1 /var/www/html/app/Controllers/ApiFavorate.php(105): array_merge(Array, NULL)
#2 /var/www/html/system/CodeIgniter.php(918): App\Controllers\ApiFavorate->index()
#3 /var/www/html/system/CodeIgniter.php(404): CodeIgniter\CodeIgniter->runController(Object(App\Controllers\ApiFavorate))
#4 /var/www/html/system/CodeIgniter.php(312): CodeIgniter\CodeIgniter->handleRequest(NULL, Object(Config\Cache), false)
#5 /var/www/html/public/index.php(45): CodeIgniter\CodeIgniter->run()
#6 {main}
CRITICAL - 2023-02-26 19:19:04 --> array_merge(): Argument #2 is not an array
#0 [internal function]: CodeIgniter\Debug\Exceptions->errorHandler(2, 'array_merge(): ...', '/var/www/html/a...', 105, Array)
#1 /var/www/html/app/Controllers/ApiFavorate.php(105): array_merge(Array, NULL)
#2 /var/www/html/system/CodeIgniter.php(918): App\Controllers\ApiFavorate->index()
#3 /var/www/html/system/CodeIgniter.php(404): CodeIgniter\CodeIgniter->runController(Object(App\Controllers\ApiFavorate))
#4 /var/www/html/system/CodeIgniter.php(312): CodeIgniter\CodeIgniter->handleRequest(NULL, Object(Config\Cache), false)
#5 /var/www/html/public/index.php(45): CodeIgniter\CodeIgniter->run()
#6 {main}
CRITICAL - 2023-02-26 19:19:29 --> array_merge(): Argument #2 is not an array
#0 [internal function]: CodeIgniter\Debug\Exceptions->errorHandler(2, 'array_merge(): ...', '/var/www/html/a...', 105, Array)
#1 /var/www/html/app/Controllers/ApiFavorate.php(105): array_merge(Array, NULL)
#2 /var/www/html/system/CodeIgniter.php(918): App\Controllers\ApiFavorate->index()
#3 /var/www/html/system/CodeIgniter.php(404): CodeIgniter\CodeIgniter->runController(Object(App\Controllers\ApiFavorate))
#4 /var/www/html/system/CodeIgniter.php(312): CodeIgniter\CodeIgniter->handleRequest(NULL, Object(Config\Cache), false)
#5 /var/www/html/public/index.php(45): CodeIgniter\CodeIgniter->run()
#6 {main}
CRITICAL - 2023-02-26 19:24:46 --> array_merge(): Argument #2 is not an array
#0 [internal function]: CodeIgniter\Debug\Exceptions->errorHandler(2, 'array_merge(): ...', '/var/www/html/a...', 105, Array)
#1 /var/www/html/app/Controllers/ApiFavorate.php(105): array_merge(Array, NULL)
#2 /var/www/html/system/CodeIgniter.php(918): App\Controllers\ApiFavorate->index()
#3 /var/www/html/system/CodeIgniter.php(404): CodeIgniter\CodeIgniter->runController(Object(App\Controllers\ApiFavorate))
#4 /var/www/html/system/CodeIgniter.php(312): CodeIgniter\CodeIgniter->handleRequest(NULL, Object(Config\Cache), false)
#5 /var/www/html/public/index.php(45): CodeIgniter\CodeIgniter->run()
#6 {main}
CRITICAL - 2023-02-26 19:54:05 --> array_merge(): Argument #2 is not an array
#0 [internal function]: CodeIgniter\Debug\Exceptions->errorHandler(2, 'array_merge(): ...', '/var/www/html/a...', 105, Array)
#1 /var/www/html/app/Controllers/ApiFavorate.php(105): array_merge(Array, NULL)
#2 /var/www/html/system/CodeIgniter.php(918): App\Controllers\ApiFavorate->index()
#3 /var/www/html/system/CodeIgniter.php(404): CodeIgniter\CodeIgniter->runController(Object(App\Controllers\ApiFavorate))
#4 /var/www/html/system/CodeIgniter.php(312): CodeIgniter\CodeIgniter->handleRequest(NULL, Object(Config\Cache), false)
#5 /var/www/html/public/index.php(45): CodeIgniter\CodeIgniter->run()
#6 {main}
CRITICAL - 2023-02-26 20:11:36 --> array_merge(): Argument #2 is not an array
#0 [internal function]: CodeIgniter\Debug\Exceptions->errorHandler(2, 'array_merge(): ...', '/var/www/html/a...', 105, Array)
#1 /var/www/html/app/Controllers/ApiFavorate.php(105): array_merge(Array, NULL)
#2 /var/www/html/system/CodeIgniter.php(918): App\Controllers\ApiFavorate->index()
#3 /var/www/html/system/CodeIgniter.php(404): CodeIgniter\CodeIgniter->runController(Object(App\Controllers\ApiFavorate))
#4 /var/www/html/system/CodeIgniter.php(312): CodeIgniter\CodeIgniter->handleRequest(NULL, Object(Config\Cache), false)
#5 /var/www/html/public/index.php(45): CodeIgniter\CodeIgniter->run()
#6 {main}
CRITICAL - 2023-02-26 20:16:42 --> array_merge(): Argument #2 is not an array
#0 [internal function]: CodeIgniter\Debug\Exceptions->errorHandler(2, 'array_merge(): ...', '/var/www/html/a...', 105, Array)
#1 /var/www/html/app/Controllers/ApiFavorate.php(105): array_merge(Array, NULL)
#2 /var/www/html/system/CodeIgniter.php(918): App\Controllers\ApiFavorate->index()
#3 /var/www/html/system/CodeIgniter.php(404): CodeIgniter\CodeIgniter->runController(Object(App\Controllers\ApiFavorate))
#4 /var/www/html/system/CodeIgniter.php(312): CodeIgniter\CodeIgniter->handleRequest(NULL, Object(Config\Cache), false)
#5 /var/www/html/public/index.php(45): CodeIgniter\CodeIgniter->run()
#6 {main}
CRITICAL - 2023-02-26 20:20:26 --> array_merge(): Argument #2 is not an array
#0 [internal function]: CodeIgniter\Debug\Exceptions->errorHandler(2, 'array_merge(): ...', '/var/www/html/a...', 105, Array)
#1 /var/www/html/app/Controllers/ApiFavorate.php(105): array_merge(Array, NULL)
#2 /var/www/html/system/CodeIgniter.php(918): App\Controllers\ApiFavorate->index()
#3 /var/www/html/system/CodeIgniter.php(404): CodeIgniter\CodeIgniter->runController(Object(App\Controllers\ApiFavorate))
#4 /var/www/html/system/CodeIgniter.php(312): CodeIgniter\CodeIgniter->handleRequest(NULL, Object(Config\Cache), false)
#5 /var/www/html/public/index.php(45): CodeIgniter\CodeIgniter->run()
#6 {main}
CRITICAL - 2023-02-26 20:29:54 --> Maximum execution time of 30 seconds exceeded
#0 [internal function]: CodeIgniter\Debug\Exceptions->shutdownHandler()
#1 {main}
CRITICAL - 2023-02-26 20:30:58 --> Maximum execution time of 30 seconds exceeded
#0 [internal function]: CodeIgniter\Debug\Exceptions->shutdownHandler()
#1 {main}
CRITICAL - 2023-02-26 20:34:51 --> array_merge(): Argument #2 is not an array
#0 [internal function]: CodeIgniter\Debug\Exceptions->errorHandler(2, 'array_merge(): ...', '/var/www/html/a...', 105, Array)
#1 /var/www/html/app/Controllers/ApiFavorate.php(105): array_merge(Array, NULL)
#2 /var/www/html/system/CodeIgniter.php(918): App\Controllers\ApiFavorate->index()
#3 /var/www/html/system/CodeIgniter.php(404): CodeIgniter\CodeIgniter->runController(Object(App\Controllers\ApiFavorate))
#4 /var/www/html/system/CodeIgniter.php(312): CodeIgniter\CodeIgniter->handleRequest(NULL, Object(Config\Cache), false)
#5 /var/www/html/public/index.php(45): CodeIgniter\CodeIgniter->run()
#6 {main}
CRITICAL - 2023-02-26 20:45:05 --> array_merge(): Argument #2 is not an array
#0 [internal function]: CodeIgniter\Debug\Exceptions->errorHandler(2, 'array_merge(): ...', '/var/www/html/a...', 105, Array)
#1 /var/www/html/app/Controllers/ApiFavorate.php(105): array_merge(Array, NULL)
#2 /var/www/html/system/CodeIgniter.php(918): App\Controllers\ApiFavorate->index()
#3 /var/www/html/system/CodeIgniter.php(404): CodeIgniter\CodeIgniter->runController(Object(App\Controllers\ApiFavorate))
#4 /var/www/html/system/CodeIgniter.php(312): CodeIgniter\CodeIgniter->handleRequest(NULL, Object(Config\Cache), false)
#5 /var/www/html/public/index.php(45): CodeIgniter\CodeIgniter->run()
#6 {main}
CRITICAL - 2023-02-26 20:52:27 --> array_merge(): Argument #2 is not an array
#0 [internal function]: CodeIgniter\Debug\Exceptions->errorHandler(2, 'array_merge(): ...', '/var/www/html/a...', 105, Array)
#1 /var/www/html/app/Controllers/ApiFavorate.php(105): array_merge(Array, NULL)
#2 /var/www/html/system/CodeIgniter.php(918): App\Controllers\ApiFavorate->index()
#3 /var/www/html/system/CodeIgniter.php(404): CodeIgniter\CodeIgniter->runController(Object(App\Controllers\ApiFavorate))
#4 /var/www/html/system/CodeIgniter.php(312): CodeIgniter\CodeIgniter->handleRequest(NULL, Object(Config\Cache), false)
#5 /var/www/html/public/index.php(45): CodeIgniter\CodeIgniter->run()
#6 {main}
CRITICAL - 2023-02-26 21:09:10 --> Maximum execution time of 30 seconds exceeded
#0 [internal function]: CodeIgniter\Debug\Exceptions->shutdownHandler()
#1 {main}
CRITICAL - 2023-02-26 21:15:03 --> array_merge(): Argument #2 is not an array
#0 [internal function]: CodeIgniter\Debug\Exceptions->errorHandler(2, 'array_merge(): ...', '/var/www/html/a...', 105, Array)
#1 /var/www/html/app/Controllers/ApiFavorate.php(105): array_merge(Array, NULL)
#2 /var/www/html/system/CodeIgniter.php(918): App\Controllers\ApiFavorate->index()
#3 /var/www/html/system/CodeIgniter.php(404): CodeIgniter\CodeIgniter->runController(Object(App\Controllers\ApiFavorate))
#4 /var/www/html/system/CodeIgniter.php(312): CodeIgniter\CodeIgniter->handleRequest(NULL, Object(Config\Cache), false)
#5 /var/www/html/public/index.php(45): CodeIgniter\CodeIgniter->run()
#6 {main}
CRITICAL - 2023-02-26 21:15:45 --> array_merge(): Argument #2 is not an array
#0 [internal function]: CodeIgniter\Debug\Exceptions->errorHandler(2, 'array_merge(): ...', '/var/www/html/a...', 105, Array)
#1 /var/www/html/app/Controllers/ApiFavorate.php(105): array_merge(Array, NULL)
#2 /var/www/html/system/CodeIgniter.php(918): App\Controllers\ApiFavorate->index()
#3 /var/www/html/system/CodeIgniter.php(404): CodeIgniter\CodeIgniter->runController(Object(App\Controllers\ApiFavorate))
#4 /var/www/html/system/CodeIgniter.php(312): CodeIgniter\CodeIgniter->handleRequest(NULL, Object(Config\Cache), false)
#5 /var/www/html/public/index.php(45): CodeIgniter\CodeIgniter->run()
#6 {main}
CRITICAL - 2023-02-26 21:42:32 --> array_merge(): Argument #2 is not an array
#0 [internal function]: CodeIgniter\Debug\Exceptions->errorHandler(2, 'array_merge(): ...', '/var/www/html/a...', 105, Array)
#1 /var/www/html/app/Controllers/ApiFavorate.php(105): array_merge(Array, NULL)
#2 /var/www/html/system/CodeIgniter.php(918): App\Controllers\ApiFavorate->index()
#3 /var/www/html/system/CodeIgniter.php(404): CodeIgniter\CodeIgniter->runController(Object(App\Controllers\ApiFavorate))
#4 /var/www/html/system/CodeIgniter.php(312): CodeIgniter\CodeIgniter->handleRequest(NULL, Object(Config\Cache), false)
#5 /var/www/html/public/index.php(45): CodeIgniter\CodeIgniter->run()
#6 {main}
